2025-12-22 02:26:45.863 [info] [main] Log level: Info
2025-12-22 02:26:45.863 [info] [main] Validating found git in: "git"
2025-12-22 02:26:45.863 [info] [main] Using git "2.52.0" from "git"
2025-12-22 02:26:45.863 [info] [Model][doInitialScan] Initial repository scan started
2025-12-22 02:26:45.863 [info] > git rev-parse --show-toplevel [4ms]
2025-12-22 02:26:45.864 [info] > git rev-parse --git-dir --git-common-dir --show-superproject-working-tree [3ms]
2025-12-22 02:26:45.869 [info] [Model][openRepository] Opened repository (path): /home/bongo/Projects/traffic_violation_app
2025-12-22 02:26:45.869 [info] [Model][openRepository] Opened repository (real path): /home/bongo/Projects/traffic_violation_app
2025-12-22 02:26:45.869 [info] [Model][openRepository] Opened repository (kind): repository
2025-12-22 02:26:45.900 [info] > git rev-parse --show-toplevel [2ms]
2025-12-22 02:26:45.901 [info] > git config --get commit.template [7ms]
2025-12-22 02:26:45.913 [info] > git for-each-ref --format=%(refname)%00%(upstream:short)%00%(objectname)%00%(upstream:track)%00%(upstream:remotename)%00%(upstream:remoteref) refs/heads/main refs/remotes/main [2ms]
2025-12-22 02:26:45.913 [info] > git rev-parse --show-toplevel [8ms]
2025-12-22 02:26:45.919 [warning] [Git][revParse] Unable to read file: ENOENT: no such file or directory, open '/home/bongo/Projects/traffic_violation_app/.git/refs/remotes/origin/main'
2025-12-22 02:26:45.924 [info] > git rev-parse refs/remotes/origin/main [5ms]
2025-12-22 02:26:45.935 [info] > git status -z -uall [6ms]
2025-12-22 02:26:45.935 [info] > git rev-parse --show-toplevel [12ms]
2025-12-22 02:26:45.940 [info] > git for-each-ref --sort -committerdate --format %(refname)%00%(objectname)%00%(*objectname) [7ms]
2025-12-22 02:26:45.950 [info] > git for-each-ref --format=%(refname)%00%(upstream:short)%00%(objectname)%00%(upstream:track)%00%(upstream:remotename)%00%(upstream:remoteref) refs/heads/main refs/remotes/main [1ms]
2025-12-22 02:26:45.956 [info] > git rev-parse --show-toplevel [16ms]
2025-12-22 02:26:45.963 [info] > git config --get --local branch.main.vscode-merge-base [7ms]
2025-12-22 02:26:45.969 [info] > git for-each-ref --format=%(refname)%00%(upstream:short)%00%(objectname)%00%(upstream:track)%00%(upstream:remotename)%00%(upstream:remoteref) refs/heads/origin/main refs/remotes/origin/main [2ms]
2025-12-22 02:26:45.975 [info] > git rev-parse --show-toplevel [13ms]
2025-12-22 02:26:45.984 [info] > git merge-base refs/heads/main refs/remotes/origin/main [10ms]
2025-12-22 02:26:45.993 [info] > git rev-parse --show-toplevel [10ms]
2025-12-22 02:26:46.000 [info] > git diff --name-status -z --diff-filter=ADMR --find-renames=50% fa61e6a351238217443b7e02dba06ea9e4ad33d4...refs/remotes/origin/main -- [12ms]
2025-12-22 02:26:46.001 [info] > git rev-parse --show-toplevel [2ms]
2025-12-22 02:26:46.009 [info] > git rev-parse --show-toplevel [1ms]
2025-12-22 02:26:46.015 [info] > git rev-parse --show-toplevel [1ms]
2025-12-22 02:26:46.019 [info] > git rev-parse --show-toplevel [0ms]
2025-12-22 02:26:46.021 [info] [Model][doInitialScan] Initial repository scan completed - repositories (1), closed repositories (0), parent repositories (0), unsafe repositories (0)
2025-12-22 02:26:46.168 [info] > git config --get commit.template [50ms]
2025-12-22 02:26:46.220 [info] > git for-each-ref --format=%(refname)%00%(upstream:short)%00%(objectname)%00%(upstream:track)%00%(upstream:remotename)%00%(upstream:remoteref) refs/heads/main refs/remotes/main [14ms]
2025-12-22 02:26:46.225 [warning] [Git][revParse] Unable to read file: ENOENT: no such file or directory, open '/home/bongo/Projects/traffic_violation_app/.git/refs/remotes/origin/main'
2025-12-22 02:26:46.227 [info] > git rev-parse refs/remotes/origin/main [2ms]
2025-12-22 02:26:46.237 [info] > git for-each-ref --sort -committerdate --format %(refname)%00%(objectname)%00%(*objectname) [1ms]
2025-12-22 02:26:46.247 [info] > git status -z -uall [15ms]
2025-12-22 02:26:46.247 [info] > git show --textconv :lib/screens/dashboard_tab.dart [5ms]
2025-12-22 02:26:46.254 [info] > git ls-files --stage -- lib/screens/dashboard_tab.dart [8ms]
2025-12-22 02:26:46.262 [info] > git cat-file -s 25121c2f6407808b6df9d31b56b275e906fe32e6 [4ms]
2025-12-22 02:26:46.606 [info] > git check-ignore -v -z --stdin [164ms]
2025-12-22 02:26:46.846 [info] > git config --get commit.template [27ms]
2025-12-22 02:26:46.868 [info] > git for-each-ref --format=%(refname)%00%(upstream:short)%00%(objectname)%00%(upstream:track)%00%(upstream:remotename)%00%(upstream:remoteref) refs/heads/main refs/remotes/main [8ms]
2025-12-22 02:26:46.873 [warning] [Git][revParse] Unable to read file: ENOENT: no such file or directory, open '/home/bongo/Projects/traffic_violation_app/.git/refs/remotes/origin/main'
2025-12-22 02:26:46.882 [info] > git rev-parse refs/remotes/origin/main [9ms]
2025-12-22 02:26:46.893 [info] > git status -z -uall [6ms]
2025-12-22 02:26:46.893 [info] > git for-each-ref --sort -committerdate --format %(refname)%00%(objectname)%00%(*objectname) [2ms]
