2025-12-23 17:23:04.463 [info] [main] Log level: Info
2025-12-23 17:23:04.463 [info] [main] Validating found git in: "git"
2025-12-23 17:23:04.463 [info] [main] Using git "2.52.0" from "git"
2025-12-23 17:23:04.463 [info] [Model][doInitialScan] Initial repository scan started
2025-12-23 17:23:04.463 [info] > git rev-parse --show-toplevel [5ms]
2025-12-23 17:23:04.463 [info] > git rev-parse --git-dir --git-common-dir --show-superproject-working-tree [3ms]
2025-12-23 17:23:04.463 [info] [Model][openRepository] Opened repository (path): /home/bongo/Projects/traffic_violation_app
2025-12-23 17:23:04.463 [info] [Model][openRepository] Opened repository (real path): /home/bongo/Projects/traffic_violation_app
2025-12-23 17:23:04.463 [info] [Model][openRepository] Opened repository (kind): repository
2025-12-23 17:23:04.463 [info] > git rev-parse --show-toplevel [3ms]
2025-12-23 17:23:04.463 [info] > git config --get commit.template [9ms]
2025-12-23 17:23:04.463 [info] > git rev-parse --show-toplevel [20ms]
2025-12-23 17:23:04.463 [info] > git for-each-ref --format=%(refname)%00%(upstream:short)%00%(objectname)%00%(upstream:track)%00%(upstream:remotename)%00%(upstream:remoteref) refs/heads/main refs/remotes/main [18ms]
2025-12-23 17:23:04.468 [warning] [Git][revParse] Unable to read file: ENOENT: no such file or directory, open '/home/bongo/Projects/traffic_violation_app/.git/refs/remotes/origin/main'
2025-12-23 17:23:04.469 [info] > git rev-parse --show-toplevel [7ms]
2025-12-23 17:23:04.474 [info] > git rev-parse refs/remotes/origin/main [6ms]
2025-12-23 17:23:04.485 [info] > git rev-parse --show-toplevel [12ms]
2025-12-23 17:23:04.491 [info] > git for-each-ref --sort -committerdate --format %(refname)%00%(objectname)%00%(*objectname) [7ms]
2025-12-23 17:23:04.493 [info] > git rev-parse --show-toplevel [3ms]
2025-12-23 17:23:04.498 [info] > git status -z -uall [20ms]
2025-12-23 17:23:04.514 [info] > git for-each-ref --format=%(refname)%00%(upstream:short)%00%(objectname)%00%(upstream:track)%00%(upstream:remotename)%00%(upstream:remoteref) refs/heads/main refs/remotes/main [7ms]
2025-12-23 17:23:04.520 [info] > git rev-parse --show-toplevel [22ms]
2025-12-23 17:23:04.526 [info] > git config --get commit.template [12ms]
2025-12-23 17:23:04.527 [info] > git rev-parse --show-toplevel [2ms]
2025-12-23 17:23:04.527 [info] > git config --get --local branch.main.vscode-merge-base [8ms]
2025-12-23 17:23:04.543 [info] > git for-each-ref --format=%(refname)%00%(upstream:short)%00%(objectname)%00%(upstream:track)%00%(upstream:remotename)%00%(upstream:remoteref) refs/heads/main refs/remotes/main [6ms]
2025-12-23 17:23:04.543 [info] > git for-each-ref --format=%(refname)%00%(upstream:short)%00%(objectname)%00%(upstream:track)%00%(upstream:remotename)%00%(upstream:remoteref) refs/heads/origin/main refs/remotes/origin/main [11ms]
