2025-12-22 02:27:54.117 [info] Reading sessions from keychain...
2025-12-22 02:27:54.117 [info] Getting sessions for all scopes...
2025-12-22 02:27:54.117 [info] Got stored sessions!
2025-12-22 02:27:54.117 [info] Got 1 verified sessions.
2025-12-22 02:27:54.117 [info] Got 1 sessions for ...
2025-12-22 02:27:54.117 [info] Getting sessions for all scopes...
2025-12-22 02:27:54.117 [info] Got 1 sessions for ...
2025-12-22 02:27:54.117 [info] Getting sessions for all scopes...
2025-12-22 02:27:54.117 [info] Got 1 sessions for ...
2025-12-22 02:27:54.117 [info] Getting sessions for all scopes...
2025-12-22 02:27:54.117 [info] Got 1 sessions for ...
2025-12-22 02:27:54.117 [info] Getting sessions for all scopes...
2025-12-22 02:27:54.117 [info] Got 1 sessions for ...
2025-12-22 02:27:54.117 [info] Getting sessions for all scopes...
2025-12-22 02:27:54.117 [info] Got 1 sessions for ...
2025-12-22 02:27:54.117 [info] Getting sessions for all scopes...
2025-12-22 02:27:54.117 [info] Got 1 sessions for ...
2025-12-22 02:27:54.117 [info] Getting sessions for all scopes...
2025-12-22 02:27:54.118 [info] Got 1 sessions for ...
2025-12-22 02:27:54.118 [info] Getting sessions for all scopes...
2025-12-22 02:27:54.118 [info] Got 1 sessions for ...
2025-12-22 02:27:54.118 [info] Getting sessions for all scopes...
2025-12-22 02:27:54.118 [info] Got 1 sessions for ...
2025-12-22 02:27:54.118 [info] Getting sessions for all scopes...
2025-12-22 02:27:54.118 [info] Got 1 sessions for ...
2025-12-22 02:27:54.118 [info] Getting sessions for all scopes...
2025-12-22 02:27:54.118 [info] Got 1 sessions for ...
2025-12-22 02:27:54.118 [info] Getting sessions for all scopes...
2025-12-22 02:27:54.118 [info] Got 1 sessions for ...
2025-12-22 02:27:54.118 [info] Getting sessions for all scopes...
2025-12-22 02:27:54.118 [info] Got 1 sessions for ...
2025-12-22 02:27:54.118 [info] Getting sessions for all scopes...
2025-12-22 02:27:54.118 [info] Got 1 sessions for ...
2025-12-22 02:27:54.118 [info] Getting sessions for all scopes...
2025-12-22 02:27:54.118 [info] Got 1 sessions for ...
2025-12-22 02:27:54.118 [info] Getting sessions for all scopes...
2025-12-22 02:27:54.118 [info] Got 1 sessions for ...
2025-12-22 02:27:54.118 [info] Getting sessions for all scopes...
2025-12-22 02:27:54.118 [info] Got 1 sessions for ...
2025-12-22 02:27:54.118 [info] Getting sessions for read:user,repo,user:email,workflow...
2025-12-22 02:27:54.118 [info] Got 1 sessions for read:user,repo,user:email,workflow...
2025-12-22 02:27:54.270 [info] Getting sessions for all scopes...
2025-12-22 02:27:54.270 [info] Got 1 sessions for ...
2025-12-22 02:27:54.270 [info] Getting sessions for read:user,repo,user:email,workflow...
2025-12-22 02:27:54.270 [info] Got 1 sessions for read:user,repo,user:email,workflow...
2025-12-22 02:27:54.602 [info] Getting sessions for all scopes...
2025-12-22 02:27:54.602 [info] Got 1 sessions for ...
2025-12-22 02:27:54.602 [info] Getting sessions for all scopes...
2025-12-22 02:27:54.602 [info] Got 1 sessions for ...
2025-12-22 02:27:54.704 [info] Getting sessions for all scopes...
2025-12-22 02:27:54.704 [info] Got 1 sessions for ...
2025-12-22 02:27:54.704 [info] Getting sessions for read:user,repo,user:email,workflow...
2025-12-22 02:27:54.704 [info] Got 1 sessions for read:user,repo,user:email,workflow...
2025-12-22 02:27:54.892 [info] Getting sessions for all scopes...
2025-12-22 02:27:54.892 [info] Got 1 sessions for ...
2025-12-22 02:27:54.892 [info] Getting sessions for all scopes...
2025-12-22 02:27:54.892 [info] Got 1 sessions for ...
2025-12-22 02:27:54.910 [info] Getting sessions for read:user,repo,user:email,workflow...
2025-12-22 02:27:54.910 [info] Got 1 sessions for read:user,repo,user:email,workflow...
2025-12-22 02:27:55.039 [info] Getting sessions for all scopes...
2025-12-22 02:27:55.039 [info] Got 1 sessions for ...
2025-12-22 02:27:55.041 [info] Getting sessions for all scopes...
2025-12-22 02:27:55.041 [info] Got 1 sessions for ...
2025-12-22 02:27:55.041 [info] Getting sessions for all scopes...
2025-12-22 02:27:55.041 [info] Got 1 sessions for ...
2025-12-22 02:27:55.042 [info] Getting sessions for all scopes...
2025-12-22 02:27:55.042 [info] Got 1 sessions for ...
2025-12-22 02:27:55.048 [info] Getting sessions for read:user,repo,user:email,workflow...
2025-12-22 02:27:55.048 [info] Got 1 sessions for read:user,repo,user:email,workflow...
2025-12-22 02:27:55.184 [info] Getting sessions for all scopes...
2025-12-22 02:27:55.184 [info] Got 1 sessions for ...
2025-12-22 02:27:55.188 [info] Getting sessions for read:user,repo,user:email,workflow...
2025-12-22 02:27:55.188 [info] Got 1 sessions for read:user,repo,user:email,workflow...
2025-12-22 02:27:55.454 [info] Getting sessions for all scopes...
2025-12-22 02:27:55.454 [info] Got 1 sessions for ...
2025-12-22 02:27:55.542 [info] FetcherService: Electron fetch failed with status: 429 
2025-12-22 02:27:56.055 [info] FetcherService: Node fetch failed with status: 429 Too Many Requests
2025-12-22 02:27:56.561 [info] FetcherService: Node http/s failed with status: 429 Too Many Requests
2025-12-22 02:29:35.289 [info] Getting sessions for all scopes...
2025-12-22 02:29:35.289 [info] Got 1 sessions for ...
2025-12-22 02:29:35.290 [info] Getting sessions for read:user,repo,user:email,workflow...
2025-12-22 02:29:35.290 [info] Got 1 sessions for read:user,repo,user:email,workflow...
2025-12-22 02:39:35.297 [info] Getting sessions for all scopes...
2025-12-22 02:39:35.297 [info] Got 1 sessions for ...
2025-12-22 02:39:35.299 [info] Getting sessions for read:user,repo,user:email,workflow...
2025-12-22 02:39:35.299 [info] Got 1 sessions for read:user,repo,user:email,workflow...
