2025-12-22 01:55:35.897 [info] Reading sessions from keychain...
2025-12-22 01:55:35.897 [info] Getting sessions for all scopes...
2025-12-22 01:55:35.897 [info] Got stored sessions!
2025-12-22 01:55:35.897 [info] Got 1 verified sessions.
2025-12-22 01:55:35.897 [info] Got 1 sessions for ...
2025-12-22 01:55:35.897 [info] Getting sessions for all scopes...
2025-12-22 01:55:35.897 [info] Got 1 sessions for ...
2025-12-22 01:55:35.897 [info] Getting sessions for all scopes...
2025-12-22 01:55:35.897 [info] Got 1 sessions for ...
2025-12-22 01:55:35.897 [info] Getting sessions for all scopes...
2025-12-22 01:55:35.897 [info] Got 1 sessions for ...
2025-12-22 01:55:35.897 [info] Getting sessions for all scopes...
2025-12-22 01:55:35.897 [info] Got 1 sessions for ...
2025-12-22 01:55:35.897 [info] Getting sessions for all scopes...
2025-12-22 01:55:35.897 [info] Got 1 sessions for ...
2025-12-22 01:55:35.897 [info] Getting sessions for all scopes...
2025-12-22 01:55:35.897 [info] Got 1 sessions for ...
2025-12-22 01:55:35.897 [info] Getting sessions for all scopes...
2025-12-22 01:55:35.897 [info] Got 1 sessions for ...
2025-12-22 01:55:35.897 [info] Getting sessions for all scopes...
2025-12-22 01:55:35.897 [info] Got 1 sessions for ...
2025-12-22 01:55:35.897 [info] Getting sessions for all scopes...
2025-12-22 01:55:35.897 [info] Got 1 sessions for ...
2025-12-22 01:55:35.897 [info] Getting sessions for all scopes...
2025-12-22 01:55:35.897 [info] Got 1 sessions for ...
2025-12-22 01:55:35.897 [info] Getting sessions for all scopes...
2025-12-22 01:55:35.897 [info] Got 1 sessions for ...
2025-12-22 01:55:35.897 [info] Getting sessions for all scopes...
2025-12-22 01:55:35.897 [info] Got 1 sessions for ...
2025-12-22 01:55:35.897 [info] Getting sessions for all scopes...
2025-12-22 01:55:35.897 [info] Got 1 sessions for ...
2025-12-22 01:55:35.897 [info] Getting sessions for all scopes...
2025-12-22 01:55:35.897 [info] Got 1 sessions for ...
2025-12-22 01:55:35.897 [info] Getting sessions for all scopes...
2025-12-22 01:55:35.897 [info] Got 1 sessions for ...
2025-12-22 01:55:35.897 [info] Getting sessions for all scopes...
2025-12-22 01:55:35.897 [info] Got 1 sessions for ...
2025-12-22 01:55:35.897 [info] Getting sessions for read:user,repo,user:email,workflow...
2025-12-22 01:55:35.897 [info] Got 1 sessions for read:user,repo,user:email,workflow...
2025-12-22 01:55:36.013 [info] Getting sessions for all scopes...
2025-12-22 01:55:36.013 [info] Got 1 sessions for ...
2025-12-22 01:55:36.018 [info] Getting sessions for read:user,repo,user:email,workflow...
2025-12-22 01:55:36.018 [info] Got 1 sessions for read:user,repo,user:email,workflow...
2025-12-22 01:55:36.329 [info] Getting sessions for all scopes...
2025-12-22 01:55:36.329 [info] Got 1 sessions for ...
2025-12-22 01:55:36.329 [info] Getting sessions for all scopes...
2025-12-22 01:55:36.329 [info] Got 1 sessions for ...
2025-12-22 01:55:36.329 [info] Getting sessions for all scopes...
2025-12-22 01:55:36.329 [info] Got 1 sessions for ...
2025-12-22 01:55:36.342 [info] Getting sessions for all scopes...
2025-12-22 01:55:36.342 [info] Got 1 sessions for ...
2025-12-22 01:55:36.345 [info] Getting sessions for all scopes...
2025-12-22 01:55:36.345 [info] Got 1 sessions for ...
2025-12-22 01:55:36.350 [info] Getting sessions for all scopes...
2025-12-22 01:55:36.350 [info] Got 1 sessions for ...
2025-12-22 01:55:36.350 [info] Getting sessions for all scopes...
2025-12-22 01:55:36.350 [info] Got 1 sessions for ...
2025-12-22 01:55:36.353 [info] Getting sessions for read:user,repo,user:email,workflow...
2025-12-22 01:55:36.353 [info] Got 1 sessions for read:user,repo,user:email,workflow...
2025-12-22 01:55:36.874 [info] Getting sessions for all scopes...
2025-12-22 01:55:36.874 [info] Got 1 sessions for ...
2025-12-22 01:55:36.874 [info] Getting sessions for all scopes...
2025-12-22 01:55:36.874 [info] Got 1 sessions for ...
2025-12-22 01:55:36.904 [info] Getting sessions for read:user,repo,user:email,workflow...
2025-12-22 01:55:36.904 [info] Got 1 sessions for read:user,repo,user:email,workflow...
2025-12-22 01:55:36.965 [info] Getting sessions for read:user,repo,user:email,workflow...
2025-12-22 01:55:36.965 [info] Got 1 sessions for read:user,repo,user:email,workflow...
2025-12-22 01:55:36.967 [info] Getting sessions for all scopes...
2025-12-22 01:55:36.967 [info] Got 1 sessions for ...
2025-12-22 01:55:36.975 [info] Getting sessions for all scopes...
2025-12-22 01:55:36.975 [info] Got 1 sessions for ...
2025-12-22 01:55:36.978 [info] Getting sessions for all scopes...
2025-12-22 01:55:36.978 [info] Got 1 sessions for ...
2025-12-22 01:55:36.979 [info] Getting sessions for all scopes...
2025-12-22 01:55:36.979 [info] Got 1 sessions for ...
2025-12-22 01:55:37.017 [info] Getting sessions for read:user,repo,user:email,workflow...
2025-12-22 01:55:37.017 [info] Got 1 sessions for read:user,repo,user:email,workflow...
2025-12-22 01:55:37.048 [info] Getting sessions for all scopes...
2025-12-22 01:55:37.048 [info] Got 1 sessions for ...
2025-12-22 01:55:37.049 [info] Getting sessions for read:user,repo,user:email,workflow...
2025-12-22 01:55:37.049 [info] Got 1 sessions for read:user,repo,user:email,workflow...
2025-12-22 01:55:37.389 [info] FetcherService: Electron fetch failed with status: 429 
2025-12-22 01:55:38.031 [info] FetcherService: Node fetch failed with status: 429 Too Many Requests
2025-12-22 01:55:38.548 [info] FetcherService: Node http/s failed with status: 429 Too Many Requests
2025-12-22 01:55:38.725 [info] Getting sessions for all scopes...
2025-12-22 01:55:38.725 [info] Got 1 sessions for ...
2025-12-22 01:59:24.995 [info] Getting sessions for all scopes...
2025-12-22 01:59:24.995 [info] Got 1 sessions for ...
2025-12-22 01:59:24.996 [info] Getting sessions for read:user,repo,user:email,workflow...
2025-12-22 01:59:24.996 [info] Got 1 sessions for read:user,repo,user:email,workflow...
