2025-12-22 01:52:38.391 [info] [main] Log level: Info
2025-12-22 01:52:38.391 [info] [main] Validating found git in: "git"
2025-12-22 01:52:38.391 [info] [main] Using git "2.52.0" from "git"
2025-12-22 01:52:38.391 [info] [Model][doInitialScan] Initial repository scan started
2025-12-22 01:52:38.391 [info] > git rev-parse --show-toplevel [2ms]
2025-12-22 01:52:38.393 [info] > git rev-parse --git-dir --git-common-dir --show-superproject-working-tree [3ms]
2025-12-22 01:52:38.398 [info] [Model][openRepository] Opened repository (path): /home/bongo/Projects/traffic_violation_app
2025-12-22 01:52:38.398 [info] [Model][openRepository] Opened repository (real path): /home/bongo/Projects/traffic_violation_app
2025-12-22 01:52:38.398 [info] [Model][openRepository] Opened repository (kind): repository
2025-12-22 01:52:38.411 [info] > git rev-parse --show-toplevel [3ms]
2025-12-22 01:52:38.412 [info] > git config --get commit.template [8ms]
2025-12-22 01:52:38.428 [info] > git rev-parse --show-toplevel [8ms]
2025-12-22 01:52:38.433 [info] > git for-each-ref --format=%(refname)%00%(upstream:short)%00%(objectname)%00%(upstream:track)%00%(upstream:remotename)%00%(upstream:remoteref) refs/heads/main refs/remotes/main [7ms]
2025-12-22 01:52:38.438 [warning] [Git][revParse] Unable to read file: ENOENT: no such file or directory, open '/home/bongo/Projects/traffic_violation_app/.git/refs/remotes/origin/main'
2025-12-22 01:52:38.438 [info] > git rev-parse --show-toplevel [5ms]
2025-12-22 01:52:38.443 [info] > git rev-parse refs/remotes/origin/main [6ms]
2025-12-22 01:52:38.452 [info] > git rev-parse --show-toplevel [10ms]
2025-12-22 01:52:38.456 [info] > git status -z -uall [8ms]
2025-12-22 01:52:38.456 [info] > git for-each-ref --sort -committerdate --format %(refname)%00%(objectname)%00%(*objectname) [4ms]
2025-12-22 01:52:38.469 [info] > git rev-parse --show-toplevel [13ms]
2025-12-22 01:52:38.475 [info] > git for-each-ref --format=%(refname)%00%(upstream:short)%00%(objectname)%00%(upstream:track)%00%(upstream:remotename)%00%(upstream:remoteref) refs/heads/main refs/remotes/main [7ms]
2025-12-22 01:52:38.480 [info] > git rev-parse --show-toplevel [6ms]
2025-12-22 01:52:38.484 [info] > git config --get --local branch.main.vscode-merge-base [5ms]
2025-12-22 01:52:38.489 [info] > git rev-parse --show-toplevel [5ms]
2025-12-22 01:52:38.494 [info] > git for-each-ref --format=%(refname)%00%(upstream:short)%00%(objectname)%00%(upstream:track)%00%(upstream:remotename)%00%(upstream:remoteref) refs/heads/origin/main refs/remotes/origin/main [5ms]
2025-12-22 01:52:38.499 [info] > git merge-base refs/heads/main refs/remotes/origin/main [1ms]
2025-12-22 01:52:38.504 [info] > git rev-parse --show-toplevel [10ms]
2025-12-22 01:52:38.508 [info] > git diff --name-status -z --diff-filter=ADMR --find-renames=50% fa61e6a351238217443b7e02dba06ea9e4ad33d4...refs/remotes/origin/main -- [5ms]
2025-12-22 01:52:38.509 [info] > git rev-parse --show-toplevel [1ms]
2025-12-22 01:52:38.510 [info] [Model][doInitialScan] Initial repository scan completed - repositories (1), closed repositories (0), parent repositories (0), unsafe repositories (0)
2025-12-22 01:52:39.010 [info] > git check-ignore -v -z --stdin [36ms]
2025-12-22 01:52:39.011 [info] > git config --get commit.template [135ms]
2025-12-22 01:52:39.179 [info] > git for-each-ref --format=%(refname)%00%(upstream:short)%00%(objectname)%00%(upstream:track)%00%(upstream:remotename)%00%(upstream:remoteref) refs/heads/main refs/remotes/main [13ms]
2025-12-22 01:52:39.184 [warning] [Git][revParse] Unable to read file: ENOENT: no such file or directory, open '/home/bongo/Projects/traffic_violation_app/.git/refs/remotes/origin/main'
2025-12-22 01:52:39.186 [info] > git rev-parse refs/remotes/origin/main [2ms]
2025-12-22 01:52:39.199 [info] > git status -z -uall [7ms]
2025-12-22 01:52:39.203 [info] > git for-each-ref --sort -committerdate --format %(refname)%00%(objectname)%00%(*objectname) [5ms]
