2025-12-23 17:40:52.197 [info] [main] Log level: Info
2025-12-23 17:40:52.197 [info] [main] Validating found git in: "git"
2025-12-23 17:40:52.197 [info] [main] Using git "2.52.0" from "git"
2025-12-23 17:40:52.197 [info] [Model][doInitialScan] Initial repository scan started
2025-12-23 17:40:52.197 [info] > git rev-parse --show-toplevel [9ms]
2025-12-23 17:40:52.208 [info] > git rev-parse --git-dir --git-common-dir --show-superproject-working-tree [13ms]
2025-12-23 17:40:52.213 [info] [Model][openRepository] Opened repository (path): /home/bongo/Projects/traffic_violation_app
2025-12-23 17:40:52.213 [info] [Model][openRepository] Opened repository (real path): /home/bongo/Projects/traffic_violation_app
2025-12-23 17:40:52.213 [info] [Model][openRepository] Opened repository (kind): repository
2025-12-23 17:40:52.298 [info] > git rev-parse --show-toplevel [70ms]
2025-12-23 17:40:52.298 [info] > git config --get commit.template [75ms]
2025-12-23 17:40:52.356 [info] > git rev-parse --show-toplevel [44ms]
2025-12-23 17:40:52.383 [info] > git for-each-ref --format=%(refname)%00%(upstream:short)%00%(objectname)%00%(upstream:track)%00%(upstream:remotename)%00%(upstream:remoteref) refs/heads/main refs/remotes/main [33ms]
2025-12-23 17:40:52.393 [warning] [Git][revParse] Unable to read file: ENOENT: no such file or directory, open '/home/bongo/Projects/traffic_violation_app/.git/refs/remotes/origin/main'
2025-12-23 17:40:52.402 [info] > git rev-parse --show-toplevel [23ms]
2025-12-23 17:40:52.409 [info] > git rev-parse refs/remotes/origin/main [17ms]
2025-12-23 17:40:52.423 [info] > git rev-parse --show-toplevel [16ms]
2025-12-23 17:40:52.443 [info] > git for-each-ref --sort -committerdate --format %(refname)%00%(objectname)%00%(*objectname) [23ms]
2025-12-23 17:40:52.444 [info] > git status -z -uall [30ms]
2025-12-23 17:40:52.444 [info] > git rev-parse --show-toplevel [16ms]
2025-12-23 17:40:52.486 [info] > git for-each-ref --format=%(refname)%00%(upstream:short)%00%(objectname)%00%(upstream:track)%00%(upstream:remotename)%00%(upstream:remoteref) refs/heads/main refs/remotes/main [33ms]
2025-12-23 17:40:52.510 [info] > git config --get --local branch.main.vscode-merge-base [18ms]
2025-12-23 17:40:52.516 [info] > git config --get commit.template [38ms]
2025-12-23 17:40:52.516 [info] > git rev-parse --show-toplevel [43ms]
2025-12-23 17:40:52.524 [info] > git for-each-ref --format=%(refname)%00%(upstream:short)%00%(objectname)%00%(upstream:track)%00%(upstream:remotename)%00%(upstream:remoteref) refs/heads/origin/main refs/remotes/origin/main [8ms]
2025-12-23 17:40:52.540 [info] > git merge-base refs/heads/main refs/remotes/origin/main [9ms]
2025-12-23 17:40:52.546 [info] > git rev-parse --show-toplevel [24ms]
2025-12-23 17:40:52.553 [info] > git diff --name-status -z --diff-filter=ADMR --find-renames=50% fa61e6a351238217443b7e02dba06ea9e4ad33d4...refs/remotes/origin/main -- [7ms]
2025-12-23 17:40:52.554 [info] > git for-each-ref --format=%(refname)%00%(upstream:short)%00%(objectname)%00%(upstream:track)%00%(upstream:remotename)%00%(upstream:remoteref) refs/heads/main refs/remotes/main [15ms]
2025-12-23 17:40:52.559 [warning] [Git][revParse] Unable to read file: ENOENT: no such file or directory, open '/home/bongo/Projects/traffic_violation_app/.git/refs/remotes/origin/main'
2025-12-23 17:40:52.560 [info] > git rev-parse --show-toplevel [7ms]
2025-12-23 17:40:52.567 [info] > git rev-parse refs/remotes/origin/main [8ms]
2025-12-23 17:40:52.580 [info] > git status -z -uall [8ms]
2025-12-23 17:40:52.580 [info] > git rev-parse --show-toplevel [14ms]
2025-12-23 17:40:52.587 [info] > git for-each-ref --sort -committerdate --format %(refname)%00%(objectname)%00%(*objectname) [8ms]
2025-12-23 17:40:52.595 [info] > git rev-parse --show-toplevel [9ms]
2025-12-23 17:40:52.612 [info] > git rev-parse --show-toplevel [11ms]
2025-12-23 17:40:52.614 [info] [Model][doInitialScan] Initial repository scan completed - repositories (1), closed repositories (0), parent repositories (0), unsafe repositories (0)
2025-12-23 17:40:52.676 [info] > git show --textconv :lib/screens/map_tab.dart [53ms]
2025-12-23 17:40:52.677 [info] > git ls-files --stage -- lib/screens/map_tab.dart [45ms]
2025-12-23 17:40:52.687 [info] > git cat-file -s 70bdab245634e53045570fdbc2fb0563e5af7b7a [4ms]
2025-12-23 17:40:52.973 [info] > git check-ignore -v -z --stdin [146ms]
2025-12-23 17:40:53.265 [info] > git config --get commit.template [14ms]
2025-12-23 17:40:53.279 [info] > git for-each-ref --format=%(refname)%00%(upstream:short)%00%(objectname)%00%(upstream:track)%00%(upstream:remotename)%00%(upstream:remoteref) refs/heads/main refs/remotes/main [5ms]
2025-12-23 17:40:53.285 [warning] [Git][revParse] Unable to read file: ENOENT: no such file or directory, open '/home/bongo/Projects/traffic_violation_app/.git/refs/remotes/origin/main'
2025-12-23 17:40:53.290 [info] > git rev-parse refs/remotes/origin/main [5ms]
2025-12-23 17:40:53.301 [info] > git status -z -uall [6ms]
2025-12-23 17:40:53.301 [info] > git for-each-ref --sort -committerdate --format %(refname)%00%(objectname)%00%(*objectname) [2ms]
2025-12-23 17:40:53.657 [info] > git ls-files --stage -- lib/screens/map_tab.dart [1ms]
2025-12-23 17:40:53.664 [info] > git cat-file -s 70bdab245634e53045570fdbc2fb0563e5af7b7a [1ms]
2025-12-23 17:40:53.673 [info] > git show --textconv :lib/screens/map_tab.dart [2ms]
