2025-12-22 02:27:54.155 [info] [main] Log level: Info
2025-12-22 02:27:54.155 [info] [main] Validating found git in: "git"
2025-12-22 02:27:54.155 [info] [main] Using git "2.52.0" from "git"
2025-12-22 02:27:54.155 [info] [Model][doInitialScan] Initial repository scan started
2025-12-22 02:27:54.155 [info] > git rev-parse --show-toplevel [1ms]
2025-12-22 02:27:54.155 [info] > git rev-parse --git-dir --git-common-dir --show-superproject-working-tree [3ms]
2025-12-22 02:27:54.155 [info] [Model][openRepository] Opened repository (path): /home/bongo/Projects/traffic_violation_app
2025-12-22 02:27:54.155 [info] [Model][openRepository] Opened repository (real path): /home/bongo/Projects/traffic_violation_app
2025-12-22 02:27:54.155 [info] [Model][openRepository] Opened repository (kind): repository
2025-12-22 02:27:54.155 [info] > git config --get commit.template [6ms]
2025-12-22 02:27:54.155 [info] > git rev-parse --show-toplevel [3ms]
2025-12-22 02:27:54.160 [info] > git for-each-ref --format=%(refname)%00%(upstream:short)%00%(objectname)%00%(upstream:track)%00%(upstream:remotename)%00%(upstream:remoteref) refs/heads/main refs/remotes/main [6ms]
2025-12-22 02:27:54.167 [warning] [Git][revParse] Unable to read file: ENOENT: no such file or directory, open '/home/bongo/Projects/traffic_violation_app/.git/refs/remotes/origin/main'
2025-12-22 02:27:54.168 [info] > git rev-parse --show-toplevel [9ms]
2025-12-22 02:27:54.173 [info] > git rev-parse refs/remotes/origin/main [6ms]
2025-12-22 02:27:54.183 [info] > git status -z -uall [6ms]
2025-12-22 02:27:54.184 [info] > git rev-parse --show-toplevel [12ms]
2025-12-22 02:27:54.190 [info] > git for-each-ref --sort -committerdate --format %(refname)%00%(objectname)%00%(*objectname) [7ms]
2025-12-22 02:27:54.199 [info] > git rev-parse --show-toplevel [10ms]
2025-12-22 02:27:54.205 [info] > git for-each-ref --format=%(refname)%00%(upstream:short)%00%(objectname)%00%(upstream:track)%00%(upstream:remotename)%00%(upstream:remoteref) refs/heads/main refs/remotes/main [7ms]
2025-12-22 02:27:54.210 [info] > git rev-parse --show-toplevel [6ms]
2025-12-22 02:27:54.215 [info] > git config --get --local branch.main.vscode-merge-base [6ms]
2025-12-22 02:27:54.222 [info] > git for-each-ref --format=%(refname)%00%(upstream:short)%00%(objectname)%00%(upstream:track)%00%(upstream:remotename)%00%(upstream:remoteref) refs/heads/origin/main refs/remotes/origin/main [2ms]
2025-12-22 02:27:54.227 [info] > git rev-parse --show-toplevel [12ms]
2025-12-22 02:27:54.234 [info] > git rev-parse --show-toplevel [3ms]
2025-12-22 02:27:54.234 [info] > git merge-base refs/heads/main refs/remotes/origin/main [8ms]
2025-12-22 02:27:54.253 [info] > git rev-parse --show-toplevel [10ms]
2025-12-22 02:27:54.254 [info] > git diff --name-status -z --diff-filter=ADMR --find-renames=50% fa61e6a351238217443b7e02dba06ea9e4ad33d4...refs/remotes/origin/main -- [16ms]
2025-12-22 02:27:54.261 [info] > git rev-parse --show-toplevel [2ms]
2025-12-22 02:27:54.268 [info] > git rev-parse --show-toplevel [1ms]
2025-12-22 02:27:54.269 [info] [Model][doInitialScan] Initial repository scan completed - repositories (1), closed repositories (0), parent repositories (0), unsafe repositories (0)
2025-12-22 02:27:54.466 [info] > git config --get commit.template [56ms]
2025-12-22 02:27:54.498 [info] > git for-each-ref --format=%(refname)%00%(upstream:short)%00%(objectname)%00%(upstream:track)%00%(upstream:remotename)%00%(upstream:remoteref) refs/heads/main refs/remotes/main [4ms]
2025-12-22 02:27:54.513 [warning] [Git][revParse] Unable to read file: ENOENT: no such file or directory, open '/home/bongo/Projects/traffic_violation_app/.git/refs/remotes/origin/main'
2025-12-22 02:27:54.514 [info] > git show --textconv :lib/screens/dashboard_tab.dart [11ms]
2025-12-22 02:27:54.515 [info] > git rev-parse refs/remotes/origin/main [2ms]
2025-12-22 02:27:54.526 [info] > git ls-files --stage -- lib/screens/dashboard_tab.dart [17ms]
2025-12-22 02:27:54.583 [info] > git status -z -uall [63ms]
2025-12-22 02:27:54.583 [info] > git cat-file -s 25121c2f6407808b6df9d31b56b275e906fe32e6 [52ms]
2025-12-22 02:27:54.584 [info] > git for-each-ref --sort -committerdate --format %(refname)%00%(objectname)%00%(*objectname) [58ms]
2025-12-22 02:27:54.890 [info] > git check-ignore -v -z --stdin [193ms]
2025-12-22 02:27:55.146 [info] > git config --get commit.template [6ms]
2025-12-22 02:27:55.151 [info] > git for-each-ref --format=%(refname)%00%(upstream:short)%00%(objectname)%00%(upstream:track)%00%(upstream:remotename)%00%(upstream:remoteref) refs/heads/main refs/remotes/main [6ms]
2025-12-22 02:27:55.155 [warning] [Git][revParse] Unable to read file: ENOENT: no such file or directory, open '/home/bongo/Projects/traffic_violation_app/.git/refs/remotes/origin/main'
2025-12-22 02:27:55.156 [info] > git rev-parse refs/remotes/origin/main [1ms]
2025-12-22 02:27:55.166 [info] > git status -z -uall [7ms]
2025-12-22 02:27:55.167 [info] > git for-each-ref --sort -committerdate --format %(refname)%00%(objectname)%00%(*objectname) [2ms]
2025-12-22 02:28:02.630 [info] > git show --textconv :lib/screens/details_screen.dart [6ms]
2025-12-22 02:28:02.631 [info] > git ls-files --stage -- lib/screens/details_screen.dart [2ms]
2025-12-22 02:28:02.638 [info] > git cat-file -s 69771d4681b30ac71970162a79f85d9ca67e8082 [2ms]
2025-12-22 02:28:03.515 [info] > git show --textconv :lib/screens/map_tab.dart [6ms]
2025-12-22 02:28:03.516 [info] > git ls-files --stage -- lib/screens/map_tab.dart [1ms]
2025-12-22 02:28:03.523 [info] > git cat-file -s 70bdab245634e53045570fdbc2fb0563e5af7b7a [2ms]
2025-12-22 02:40:47.469 [info] > git config --get commit.template [0ms]
2025-12-22 02:40:47.475 [info] > git for-each-ref --format=%(refname)%00%(upstream:short)%00%(objectname)%00%(upstream:track)%00%(upstream:remotename)%00%(upstream:remoteref) refs/heads/main refs/remotes/main [1ms]
2025-12-22 02:40:47.483 [warning] [Git][revParse] Unable to read file: ENOENT: no such file or directory, open '/home/bongo/Projects/traffic_violation_app/.git/refs/remotes/origin/main'
2025-12-22 02:40:47.484 [info] > git rev-parse refs/remotes/origin/main [1ms]
2025-12-22 02:40:47.501 [info] > git status -z -uall [9ms]
2025-12-22 02:40:47.502 [info] > git for-each-ref --sort -committerdate --format %(refname)%00%(objectname)%00%(*objectname) [2ms]
2025-12-22 02:40:48.576 [info] > git ls-files --stage -- lib/screens/map_tab.dart [2ms]
2025-12-22 02:40:48.586 [info] > git cat-file -s 70bdab245634e53045570fdbc2fb0563e5af7b7a [2ms]
2025-12-22 02:40:48.598 [info] > git show --textconv :lib/screens/map_tab.dart [2ms]
2025-12-22 02:41:07.519 [info] > git check-ignore -v -z --stdin [2ms]
2025-12-22 02:41:07.878 [info] > git config --get commit.template [7ms]
2025-12-22 02:41:07.879 [info] > git for-each-ref --format=%(refname)%00%(upstream:short)%00%(objectname)%00%(upstream:track)%00%(upstream:remotename)%00%(upstream:remoteref) refs/heads/main refs/remotes/main [2ms]
2025-12-22 02:41:07.884 [warning] [Git][revParse] Unable to read file: ENOENT: no such file or directory, open '/home/bongo/Projects/traffic_violation_app/.git/refs/remotes/origin/main'
2025-12-22 02:41:07.885 [info] > git rev-parse refs/remotes/origin/main [1ms]
2025-12-22 02:41:07.898 [info] > git status -z -uall [8ms]
2025-12-22 02:41:07.899 [info] > git for-each-ref --sort -committerdate --format %(refname)%00%(objectname)%00%(*objectname) [2ms]
2025-12-22 02:41:24.728 [info] > git config --get commit.template [7ms]
2025-12-22 02:41:24.729 [info] > git for-each-ref --format=%(refname)%00%(upstream:short)%00%(objectname)%00%(upstream:track)%00%(upstream:remotename)%00%(upstream:remoteref) refs/heads/main refs/remotes/main [2ms]
2025-12-22 02:41:24.735 [warning] [Git][revParse] Unable to read file: ENOENT: no such file or directory, open '/home/bongo/Projects/traffic_violation_app/.git/refs/remotes/origin/main'
2025-12-22 02:41:24.735 [info] > git rev-parse refs/remotes/origin/main [0ms]
2025-12-22 02:41:24.749 [info] > git status -z -uall [7ms]
2025-12-22 02:41:24.749 [info] > git for-each-ref --sort -committerdate --format %(refname)%00%(objectname)%00%(*objectname) [1ms]
2025-12-22 02:41:33.513 [info] > git config --get commit.template [8ms]
2025-12-22 02:41:33.514 [info] > git for-each-ref --format=%(refname)%00%(upstream:short)%00%(objectname)%00%(upstream:track)%00%(upstream:remotename)%00%(upstream:remoteref) refs/heads/main refs/remotes/main [1ms]
2025-12-22 02:41:33.520 [warning] [Git][revParse] Unable to read file: ENOENT: no such file or directory, open '/home/bongo/Projects/traffic_violation_app/.git/refs/remotes/origin/main'
2025-12-22 02:41:33.521 [info] > git rev-parse refs/remotes/origin/main [1ms]
2025-12-22 02:41:33.533 [info] > git status -z -uall [6ms]
2025-12-22 02:41:33.534 [info] > git for-each-ref --sort -committerdate --format %(refname)%00%(objectname)%00%(*objectname) [2ms]
2025-12-22 02:41:58.666 [info] > git config --get commit.template [7ms]
2025-12-22 02:41:58.666 [info] > git for-each-ref --format=%(refname)%00%(upstream:short)%00%(objectname)%00%(upstream:track)%00%(upstream:remotename)%00%(upstream:remoteref) refs/heads/main refs/remotes/main [1ms]
2025-12-22 02:41:58.670 [warning] [Git][revParse] Unable to read file: ENOENT: no such file or directory, open '/home/bongo/Projects/traffic_violation_app/.git/refs/remotes/origin/main'
2025-12-22 02:41:58.671 [info] > git rev-parse refs/remotes/origin/main [1ms]
2025-12-22 02:41:58.682 [info] > git status -z -uall [7ms]
2025-12-22 02:41:58.683 [info] > git for-each-ref --sort -committerdate --format %(refname)%00%(objectname)%00%(*objectname) [2ms]
2025-12-22 02:42:39.771 [info] > git config --get commit.template [6ms]
2025-12-22 02:42:39.773 [info] > git for-each-ref --format=%(refname)%00%(upstream:short)%00%(objectname)%00%(upstream:track)%00%(upstream:remotename)%00%(upstream:remoteref) refs/heads/main refs/remotes/main [2ms]
2025-12-22 02:42:39.779 [warning] [Git][revParse] Unable to read file: ENOENT: no such file or directory, open '/home/bongo/Projects/traffic_violation_app/.git/refs/remotes/origin/main'
2025-12-22 02:42:39.780 [info] > git rev-parse refs/remotes/origin/main [1ms]
2025-12-22 02:42:39.791 [info] > git for-each-ref --sort -committerdate --format %(refname)%00%(objectname)%00%(*objectname) [1ms]
2025-12-22 02:42:39.794 [info] > git status -z -uall [8ms]
2025-12-22 02:43:53.336 [info] > git for-each-ref --format=%(refname)%00%(upstream:short)%00%(objectname)%00%(upstream:track)%00%(upstream:remotename)%00%(upstream:remoteref) refs/heads/main refs/remotes/main [1ms]
2025-12-22 02:43:53.337 [info] > git config --get commit.template [7ms]
2025-12-22 02:43:53.341 [warning] [Git][revParse] Unable to read file: ENOENT: no such file or directory, open '/home/bongo/Projects/traffic_violation_app/.git/refs/remotes/origin/main'
2025-12-22 02:43:53.342 [info] > git rev-parse refs/remotes/origin/main [1ms]
2025-12-22 02:43:53.353 [info] > git for-each-ref --sort -committerdate --format %(refname)%00%(objectname)%00%(*objectname) [1ms]
2025-12-22 02:43:53.357 [info] > git status -z -uall [10ms]
2025-12-22 02:43:59.610 [info] > git config --get commit.template [6ms]
2025-12-22 02:43:59.611 [info] > git for-each-ref --format=%(refname)%00%(upstream:short)%00%(objectname)%00%(upstream:track)%00%(upstream:remotename)%00%(upstream:remoteref) refs/heads/main refs/remotes/main [2ms]
2025-12-22 02:43:59.616 [warning] [Git][revParse] Unable to read file: ENOENT: no such file or directory, open '/home/bongo/Projects/traffic_violation_app/.git/refs/remotes/origin/main'
2025-12-22 02:43:59.617 [info] > git rev-parse refs/remotes/origin/main [1ms]
2025-12-22 02:43:59.625 [info] > git status -z -uall [3ms]
2025-12-22 02:43:59.625 [info] > git for-each-ref --sort -committerdate --format %(refname)%00%(objectname)%00%(*objectname) [0ms]
2025-12-22 02:44:14.206 [info] > git config --get commit.template [5ms]
2025-12-22 02:44:14.206 [info] > git for-each-ref --format=%(refname)%00%(upstream:short)%00%(objectname)%00%(upstream:track)%00%(upstream:remotename)%00%(upstream:remoteref) refs/heads/main refs/remotes/main [1ms]
2025-12-22 02:44:14.211 [warning] [Git][revParse] Unable to read file: ENOENT: no such file or directory, open '/home/bongo/Projects/traffic_violation_app/.git/refs/remotes/origin/main'
2025-12-22 02:44:14.212 [info] > git rev-parse refs/remotes/origin/main [1ms]
2025-12-22 02:44:14.221 [info] > git status -z -uall [5ms]
2025-12-22 02:44:14.222 [info] > git for-each-ref --sort -committerdate --format %(refname)%00%(objectname)%00%(*objectname) [1ms]
2025-12-22 02:44:19.237 [info] > git config --get commit.template [6ms]
2025-12-22 02:44:19.237 [info] > git for-each-ref --format=%(refname)%00%(upstream:short)%00%(objectname)%00%(upstream:track)%00%(upstream:remotename)%00%(upstream:remoteref) refs/heads/main refs/remotes/main [1ms]
2025-12-22 02:44:19.243 [warning] [Git][revParse] Unable to read file: ENOENT: no such file or directory, open '/home/bongo/Projects/traffic_violation_app/.git/refs/remotes/origin/main'
2025-12-22 02:44:19.244 [info] > git rev-parse refs/remotes/origin/main [2ms]
2025-12-22 02:44:19.255 [info] > git status -z -uall [6ms]
2025-12-22 02:44:19.256 [info] > git for-each-ref --sort -committerdate --format %(refname)%00%(objectname)%00%(*objectname) [1ms]
2025-12-22 02:44:24.272 [info] > git config --get commit.template [8ms]
2025-12-22 02:44:24.273 [info] > git for-each-ref --format=%(refname)%00%(upstream:short)%00%(objectname)%00%(upstream:track)%00%(upstream:remotename)%00%(upstream:remoteref) refs/heads/main refs/remotes/main [2ms]
2025-12-22 02:44:24.280 [warning] [Git][revParse] Unable to read file: ENOENT: no such file or directory, open '/home/bongo/Projects/traffic_violation_app/.git/refs/remotes/origin/main'
2025-12-22 02:44:24.282 [info] > git rev-parse refs/remotes/origin/main [2ms]
2025-12-22 02:44:24.298 [info] > git status -z -uall [9ms]
2025-12-22 02:44:24.299 [info] > git for-each-ref --sort -committerdate --format %(refname)%00%(objectname)%00%(*objectname) [2ms]
2025-12-22 02:44:29.314 [info] > git config --get commit.template [6ms]
2025-12-22 02:44:29.315 [info] > git for-each-ref --format=%(refname)%00%(upstream:short)%00%(objectname)%00%(upstream:track)%00%(upstream:remotename)%00%(upstream:remoteref) refs/heads/main refs/remotes/main [1ms]
2025-12-22 02:44:29.320 [warning] [Git][revParse] Unable to read file: ENOENT: no such file or directory, open '/home/bongo/Projects/traffic_violation_app/.git/refs/remotes/origin/main'
2025-12-22 02:44:29.322 [info] > git rev-parse refs/remotes/origin/main [2ms]
2025-12-22 02:44:29.332 [info] > git status -z -uall [5ms]
2025-12-22 02:44:29.332 [info] > git for-each-ref --sort -committerdate --format %(refname)%00%(objectname)%00%(*objectname) [1ms]
2025-12-22 02:44:41.564 [info] > git config --get commit.template [13ms]
2025-12-22 02:44:41.565 [info] > git for-each-ref --format=%(refname)%00%(upstream:short)%00%(objectname)%00%(upstream:track)%00%(upstream:remotename)%00%(upstream:remoteref) refs/heads/main refs/remotes/main [3ms]
2025-12-22 02:44:41.573 [warning] [Git][revParse] Unable to read file: ENOENT: no such file or directory, open '/home/bongo/Projects/traffic_violation_app/.git/refs/remotes/origin/main'
2025-12-22 02:44:41.574 [info] > git rev-parse refs/remotes/origin/main [1ms]
2025-12-22 02:44:41.588 [info] > git status -z -uall [8ms]
2025-12-22 02:44:41.589 [info] > git for-each-ref --sort -committerdate --format %(refname)%00%(objectname)%00%(*objectname) [2ms]
2025-12-22 02:44:46.614 [info] > git config --get commit.template [12ms]
2025-12-22 02:44:46.616 [info] > git for-each-ref --format=%(refname)%00%(upstream:short)%00%(objectname)%00%(upstream:track)%00%(upstream:remotename)%00%(upstream:remoteref) refs/heads/main refs/remotes/main [3ms]
2025-12-22 02:44:46.627 [warning] [Git][revParse] Unable to read file: ENOENT: no such file or directory, open '/home/bongo/Projects/traffic_violation_app/.git/refs/remotes/origin/main'
2025-12-22 02:44:46.628 [info] > git rev-parse refs/remotes/origin/main [2ms]
2025-12-22 02:44:46.651 [info] > git status -z -uall [12ms]
2025-12-22 02:44:46.652 [info] > git for-each-ref --sort -committerdate --format %(refname)%00%(objectname)%00%(*objectname) [3ms]
2025-12-22 02:44:59.377 [info] > git config --get commit.template [1ms]
2025-12-22 02:44:59.386 [info] > git for-each-ref --format=%(refname)%00%(upstream:short)%00%(objectname)%00%(upstream:track)%00%(upstream:remotename)%00%(upstream:remoteref) refs/heads/main refs/remotes/main [2ms]
2025-12-22 02:44:59.393 [warning] [Git][revParse] Unable to read file: ENOENT: no such file or directory, open '/home/bongo/Projects/traffic_violation_app/.git/refs/remotes/origin/main'
2025-12-22 02:44:59.394 [info] > git rev-parse refs/remotes/origin/main [1ms]
2025-12-22 02:44:59.407 [info] > git status -z -uall [6ms]
2025-12-22 02:44:59.408 [info] > git for-each-ref --sort -committerdate --format %(refname)%00%(objectname)%00%(*objectname) [2ms]
2025-12-22 02:45:04.429 [info] > git config --get commit.template [7ms]
2025-12-22 02:45:04.429 [info] > git for-each-ref --format=%(refname)%00%(upstream:short)%00%(objectname)%00%(upstream:track)%00%(upstream:remotename)%00%(upstream:remoteref) refs/heads/main refs/remotes/main [1ms]
2025-12-22 02:45:04.436 [warning] [Git][revParse] Unable to read file: ENOENT: no such file or directory, open '/home/bongo/Projects/traffic_violation_app/.git/refs/remotes/origin/main'
2025-12-22 02:45:04.437 [info] > git rev-parse refs/remotes/origin/main [1ms]
2025-12-22 02:45:04.450 [info] > git status -z -uall [7ms]
2025-12-22 02:45:04.450 [info] > git for-each-ref --sort -committerdate --format %(refname)%00%(objectname)%00%(*objectname) [1ms]
2025-12-22 02:45:09.464 [info] > git config --get commit.template [6ms]
2025-12-22 02:45:09.465 [info] > git for-each-ref --format=%(refname)%00%(upstream:short)%00%(objectname)%00%(upstream:track)%00%(upstream:remotename)%00%(upstream:remoteref) refs/heads/main refs/remotes/main [2ms]
2025-12-22 02:45:09.470 [warning] [Git][revParse] Unable to read file: ENOENT: no such file or directory, open '/home/bongo/Projects/traffic_violation_app/.git/refs/remotes/origin/main'
2025-12-22 02:45:09.471 [info] > git rev-parse refs/remotes/origin/main [1ms]
2025-12-22 02:45:09.482 [info] > git status -z -uall [6ms]
2025-12-22 02:45:09.482 [info] > git for-each-ref --sort -committerdate --format %(refname)%00%(objectname)%00%(*objectname) [0ms]
2025-12-22 02:45:14.499 [info] > git config --get commit.template [8ms]
2025-12-22 02:45:14.499 [info] > git for-each-ref --format=%(refname)%00%(upstream:short)%00%(objectname)%00%(upstream:track)%00%(upstream:remotename)%00%(upstream:remoteref) refs/heads/main refs/remotes/main [1ms]
2025-12-22 02:45:14.505 [warning] [Git][revParse] Unable to read file: ENOENT: no such file or directory, open '/home/bongo/Projects/traffic_violation_app/.git/refs/remotes/origin/main'
2025-12-22 02:45:14.507 [info] > git rev-parse refs/remotes/origin/main [1ms]
2025-12-22 02:45:14.522 [info] > git status -z -uall [8ms]
2025-12-22 02:45:14.523 [info] > git for-each-ref --sort -committerdate --format %(refname)%00%(objectname)%00%(*objectname) [1ms]
