2025-12-23 17:40:52.182 [info] Reading sessions from keychain...
2025-12-23 17:40:52.182 [info] Getting sessions for all scopes...
2025-12-23 17:40:52.182 [info] Got stored sessions!
2025-12-23 17:40:52.182 [info] Got 1 verified sessions.
2025-12-23 17:40:52.182 [info] Got 1 sessions for ...
2025-12-23 17:40:52.182 [info] Getting sessions for all scopes...
2025-12-23 17:40:52.182 [info] Got 1 sessions for ...
2025-12-23 17:40:52.182 [info] Getting sessions for all scopes...
2025-12-23 17:40:52.182 [info] Got 1 sessions for ...
2025-12-23 17:40:52.182 [info] Getting sessions for all scopes...
2025-12-23 17:40:52.182 [info] Got 1 sessions for ...
2025-12-23 17:40:52.182 [info] Getting sessions for all scopes...
2025-12-23 17:40:52.182 [info] Got 1 sessions for ...
2025-12-23 17:40:52.182 [info] Getting sessions for all scopes...
2025-12-23 17:40:52.182 [info] Got 1 sessions for ...
2025-12-23 17:40:52.182 [info] Getting sessions for all scopes...
2025-12-23 17:40:52.182 [info] Got 1 sessions for ...
2025-12-23 17:40:52.182 [info] Getting sessions for all scopes...
2025-12-23 17:40:52.182 [info] Got 1 sessions for ...
2025-12-23 17:40:52.182 [info] Getting sessions for all scopes...
2025-12-23 17:40:52.182 [info] Got 1 sessions for ...
2025-12-23 17:40:52.182 [info] Getting sessions for all scopes...
2025-12-23 17:40:52.182 [info] Got 1 sessions for ...
2025-12-23 17:40:52.182 [info] Getting sessions for all scopes...
2025-12-23 17:40:52.182 [info] Got 1 sessions for ...
2025-12-23 17:40:52.182 [info] Getting sessions for all scopes...
2025-12-23 17:40:52.182 [info] Got 1 sessions for ...
2025-12-23 17:40:52.182 [info] Getting sessions for all scopes...
2025-12-23 17:40:52.182 [info] Got 1 sessions for ...
2025-12-23 17:40:52.182 [info] Getting sessions for all scopes...
2025-12-23 17:40:52.182 [info] Got 1 sessions for ...
2025-12-23 17:40:52.182 [info] Getting sessions for all scopes...
2025-12-23 17:40:52.182 [info] Got 1 sessions for ...
2025-12-23 17:40:52.182 [info] Getting sessions for all scopes...
2025-12-23 17:40:52.182 [info] Got 1 sessions for ...
2025-12-23 17:40:52.182 [info] Getting sessions for all scopes...
2025-12-23 17:40:52.182 [info] Got 1 sessions for ...
2025-12-23 17:40:52.182 [info] Getting sessions for all scopes...
2025-12-23 17:40:52.182 [info] Got 1 sessions for ...
2025-12-23 17:40:52.182 [info] Getting sessions for read:user,repo,user:email,workflow...
2025-12-23 17:40:52.182 [info] Got 1 sessions for read:user,repo,user:email,workflow...
2025-12-23 17:40:52.493 [info] Getting sessions for all scopes...
2025-12-23 17:40:52.493 [info] Got 1 sessions for ...
2025-12-23 17:40:52.578 [info] Getting sessions for read:user,repo,user:email,workflow...
2025-12-23 17:40:52.578 [info] Got 1 sessions for read:user,repo,user:email,workflow...
2025-12-23 17:40:52.684 [info] Getting sessions for read:user,repo,user:email,workflow...
2025-12-23 17:40:52.684 [info] Got 1 sessions for read:user,repo,user:email,workflow...
2025-12-23 17:40:52.700 [info] Getting sessions for all scopes...
2025-12-23 17:40:52.700 [info] Got 1 sessions for ...
2025-12-23 17:40:52.700 [info] Getting sessions for all scopes...
2025-12-23 17:40:52.700 [info] Got 1 sessions for ...
2025-12-23 17:40:52.700 [info] Getting sessions for all scopes...
2025-12-23 17:40:52.700 [info] Got 1 sessions for ...
2025-12-23 17:40:52.706 [info] Getting sessions for all scopes...
2025-12-23 17:40:52.706 [info] Got 1 sessions for ...
2025-12-23 17:40:52.706 [info] Getting sessions for all scopes...
2025-12-23 17:40:52.706 [info] Got 1 sessions for ...
2025-12-23 17:40:52.719 [info] Getting sessions for read:user,repo,user:email,workflow...
2025-12-23 17:40:52.719 [info] Got 1 sessions for read:user,repo,user:email,workflow...
2025-12-23 17:40:53.169 [info] Getting sessions for all scopes...
2025-12-23 17:40:53.169 [info] Got 1 sessions for ...
2025-12-23 17:40:53.170 [info] Getting sessions for all scopes...
2025-12-23 17:40:53.170 [info] Got 1 sessions for ...
2025-12-23 17:40:53.181 [info] Getting sessions for read:user,repo,user:email,workflow...
2025-12-23 17:40:53.181 [info] Got 1 sessions for read:user,repo,user:email,workflow...
2025-12-23 17:40:53.256 [info] Getting sessions for all scopes...
2025-12-23 17:40:53.256 [info] Got 1 sessions for ...
2025-12-23 17:40:53.275 [info] Getting sessions for all scopes...
2025-12-23 17:40:53.275 [info] Got 1 sessions for ...
2025-12-23 17:40:53.278 [info] Getting sessions for all scopes...
2025-12-23 17:40:53.278 [info] Got 1 sessions for ...
2025-12-23 17:40:53.279 [info] Getting sessions for all scopes...
2025-12-23 17:40:53.279 [info] Got 1 sessions for ...
2025-12-23 17:40:53.303 [info] Getting sessions for read:user,repo,user:email,workflow...
2025-12-23 17:40:53.303 [info] Got 1 sessions for read:user,repo,user:email,workflow...
2025-12-23 17:40:53.305 [info] Getting sessions for all scopes...
2025-12-23 17:40:53.305 [info] Got 1 sessions for ...
2025-12-23 17:40:53.305 [info] Getting sessions for read:user,repo,user:email,workflow...
2025-12-23 17:40:53.305 [info] Got 1 sessions for read:user,repo,user:email,workflow...
2025-12-23 17:40:53.486 [info] Getting sessions for all scopes...
2025-12-23 17:40:53.486 [info] Got 1 sessions for ...
2025-12-23 17:40:53.519 [info] FetcherService: Electron fetch failed with status: 429 
2025-12-23 17:40:54.116 [info] FetcherService: Node fetch failed with status: 429 Too Many Requests
2025-12-23 17:40:54.635 [info] FetcherService: Node http/s failed with status: 429 Too Many Requests
