2025-12-22 01:48:04.917 [info] Reading sessions from keychain...
2025-12-22 01:48:04.917 [info] Getting sessions for all scopes...
2025-12-22 01:48:04.917 [info] Got 0 sessions for ...
2025-12-22 01:48:04.917 [info] Getting sessions for all scopes...
2025-12-22 01:48:04.917 [info] Got 0 sessions for ...
2025-12-22 01:48:04.917 [info] Getting sessions for all scopes...
2025-12-22 01:48:04.917 [info] Got 0 sessions for ...
2025-12-22 01:48:04.917 [info] Getting sessions for all scopes...
2025-12-22 01:48:04.917 [info] Got 0 sessions for ...
2025-12-22 01:48:04.917 [info] Getting sessions for all scopes...
2025-12-22 01:48:04.917 [info] Got 0 sessions for ...
2025-12-22 01:48:04.917 [info] Getting sessions for all scopes...
2025-12-22 01:48:04.917 [info] Got 0 sessions for ...
2025-12-22 01:48:04.917 [info] Getting sessions for all scopes...
2025-12-22 01:48:04.917 [info] Got 0 sessions for ...
2025-12-22 01:48:04.917 [info] Getting sessions for all scopes...
2025-12-22 01:48:04.917 [info] Got 0 sessions for ...
2025-12-22 01:48:04.917 [info] Getting sessions for all scopes...
2025-12-22 01:48:04.917 [info] Got 0 sessions for ...
2025-12-22 01:48:04.917 [info] Getting sessions for all scopes...
2025-12-22 01:48:04.917 [info] Got 0 sessions for ...
2025-12-22 01:48:04.917 [info] Getting sessions for all scopes...
2025-12-22 01:48:04.917 [info] Got 0 sessions for ...
2025-12-22 01:48:04.917 [info] Getting sessions for all scopes...
2025-12-22 01:48:04.917 [info] Got 0 sessions for ...
2025-12-22 01:48:04.917 [info] Getting sessions for all scopes...
2025-12-22 01:48:04.917 [info] Got 0 sessions for ...
2025-12-22 01:48:04.917 [info] Getting sessions for all scopes...
2025-12-22 01:48:04.917 [info] Got 0 sessions for ...
2025-12-22 01:48:04.917 [info] Getting sessions for all scopes...
2025-12-22 01:48:04.917 [info] Got 0 sessions for ...
2025-12-22 01:48:04.917 [info] Getting sessions for all scopes...
2025-12-22 01:48:04.917 [info] Got 0 sessions for ...
2025-12-22 01:48:04.917 [info] Getting sessions for all scopes...
2025-12-22 01:48:04.917 [info] Got 0 sessions for ...
2025-12-22 01:48:04.917 [info] Getting sessions for all scopes...
2025-12-22 01:48:04.917 [info] Got 0 sessions for ...
2025-12-22 01:48:04.917 [info] Getting sessions for user:email...
2025-12-22 01:48:04.917 [info] Got 0 sessions for user:email...
2025-12-22 01:48:04.917 [info] Getting sessions for read:user,repo,user:email,workflow...
2025-12-22 01:48:04.917 [info] Got 0 sessions for read:user,repo,user:email,workflow...
2025-12-22 01:48:05.435 [info] Getting sessions for all scopes...
2025-12-22 01:48:05.435 [info] Got 0 sessions for ...
2025-12-22 01:48:05.435 [info] Getting sessions for all scopes...
2025-12-22 01:48:05.435 [info] Got 0 sessions for ...
2025-12-22 01:48:05.435 [info] Getting sessions for all scopes...
2025-12-22 01:48:05.435 [info] Got 0 sessions for ...
2025-12-22 01:48:05.436 [info] Getting sessions for all scopes...
2025-12-22 01:48:05.436 [info] Got 0 sessions for ...
2025-12-22 01:48:05.469 [info] Getting sessions for user:email...
2025-12-22 01:48:05.469 [info] Got 0 sessions for user:email...
2025-12-22 01:48:05.469 [info] Getting sessions for read:user,repo,user:email,workflow...
2025-12-22 01:48:05.469 [info] Got 0 sessions for read:user,repo,user:email,workflow...
2025-12-22 01:48:05.469 [info] Getting sessions for read:user,repo,user:email,workflow...
2025-12-22 01:48:05.469 [info] Got 0 sessions for read:user,repo,user:email,workflow...
2025-12-22 01:48:05.469 [info] Getting sessions for read:user,repo,user:email,workflow...
2025-12-22 01:48:05.469 [info] Got 0 sessions for read:user,repo,user:email,workflow...
2025-12-22 01:48:06.211 [info] Getting sessions for all scopes...
2025-12-22 01:48:06.211 [info] Got 0 sessions for ...
