2025-12-22 02:26:45.845 [info] Reading sessions from keychain...
2025-12-22 02:26:45.845 [info] Getting sessions for all scopes...
2025-12-22 02:26:45.845 [info] Got stored sessions!
2025-12-22 02:26:45.845 [info] Got 1 verified sessions.
2025-12-22 02:26:45.845 [info] Got 1 sessions for ...
2025-12-22 02:26:45.845 [info] Getting sessions for all scopes...
2025-12-22 02:26:45.845 [info] Got 1 sessions for ...
2025-12-22 02:26:45.845 [info] Getting sessions for all scopes...
2025-12-22 02:26:45.845 [info] Got 1 sessions for ...
2025-12-22 02:26:45.845 [info] Getting sessions for all scopes...
2025-12-22 02:26:45.845 [info] Got 1 sessions for ...
2025-12-22 02:26:45.845 [info] Getting sessions for all scopes...
2025-12-22 02:26:45.845 [info] Got 1 sessions for ...
2025-12-22 02:26:45.845 [info] Getting sessions for all scopes...
2025-12-22 02:26:45.845 [info] Got 1 sessions for ...
2025-12-22 02:26:45.845 [info] Getting sessions for all scopes...
2025-12-22 02:26:45.845 [info] Got 1 sessions for ...
2025-12-22 02:26:45.845 [info] Getting sessions for all scopes...
2025-12-22 02:26:45.845 [info] Got 1 sessions for ...
2025-12-22 02:26:45.845 [info] Getting sessions for all scopes...
2025-12-22 02:26:45.845 [info] Got 1 sessions for ...
2025-12-22 02:26:45.845 [info] Getting sessions for all scopes...
2025-12-22 02:26:45.845 [info] Got 1 sessions for ...
2025-12-22 02:26:45.845 [info] Getting sessions for all scopes...
2025-12-22 02:26:45.845 [info] Got 1 sessions for ...
2025-12-22 02:26:45.845 [info] Getting sessions for all scopes...
2025-12-22 02:26:45.845 [info] Got 1 sessions for ...
2025-12-22 02:26:45.845 [info] Getting sessions for all scopes...
2025-12-22 02:26:45.845 [info] Got 1 sessions for ...
2025-12-22 02:26:45.845 [info] Getting sessions for all scopes...
2025-12-22 02:26:45.845 [info] Got 1 sessions for ...
2025-12-22 02:26:45.845 [info] Getting sessions for all scopes...
2025-12-22 02:26:45.845 [info] Got 1 sessions for ...
2025-12-22 02:26:45.845 [info] Getting sessions for all scopes...
2025-12-22 02:26:45.845 [info] Got 1 sessions for ...
2025-12-22 02:26:45.845 [info] Getting sessions for all scopes...
2025-12-22 02:26:45.845 [info] Got 1 sessions for ...
2025-12-22 02:26:45.845 [info] Getting sessions for all scopes...
2025-12-22 02:26:45.845 [info] Got 1 sessions for ...
2025-12-22 02:26:45.856 [info] Getting sessions for read:user,repo,user:email,workflow...
2025-12-22 02:26:45.856 [info] Got 1 sessions for read:user,repo,user:email,workflow...
2025-12-22 02:26:46.009 [info] Getting sessions for all scopes...
2025-12-22 02:26:46.009 [info] Got 1 sessions for ...
2025-12-22 02:26:46.021 [info] Getting sessions for read:user,repo,user:email,workflow...
2025-12-22 02:26:46.021 [info] Got 1 sessions for read:user,repo,user:email,workflow...
2025-12-22 02:26:46.265 [info] Getting sessions for read:user,repo,user:email,workflow...
2025-12-22 02:26:46.265 [info] Got 1 sessions for read:user,repo,user:email,workflow...
2025-12-22 02:26:46.329 [info] Getting sessions for all scopes...
2025-12-22 02:26:46.329 [info] Got 1 sessions for ...
2025-12-22 02:26:46.329 [info] Getting sessions for all scopes...
2025-12-22 02:26:46.329 [info] Got 1 sessions for ...
2025-12-22 02:26:46.329 [info] Getting sessions for all scopes...
2025-12-22 02:26:46.329 [info] Got 1 sessions for ...
2025-12-22 02:26:46.330 [info] Getting sessions for all scopes...
2025-12-22 02:26:46.330 [info] Got 1 sessions for ...
2025-12-22 02:26:46.330 [info] Getting sessions for all scopes...
2025-12-22 02:26:46.330 [info] Got 1 sessions for ...
2025-12-22 02:26:46.332 [info] Getting sessions for read:user,repo,user:email,workflow...
2025-12-22 02:26:46.332 [info] Got 1 sessions for read:user,repo,user:email,workflow...
2025-12-22 02:26:46.760 [info] Getting sessions for all scopes...
2025-12-22 02:26:46.760 [info] Got 1 sessions for ...
2025-12-22 02:26:46.760 [info] Getting sessions for all scopes...
2025-12-22 02:26:46.760 [info] Got 1 sessions for ...
2025-12-22 02:26:46.761 [info] Getting sessions for read:user,repo,user:email,workflow...
2025-12-22 02:26:46.761 [info] Got 1 sessions for read:user,repo,user:email,workflow...
2025-12-22 02:26:46.844 [info] Getting sessions for all scopes...
2025-12-22 02:26:46.844 [info] Got 1 sessions for ...
2025-12-22 02:26:46.852 [info] Getting sessions for all scopes...
2025-12-22 02:26:46.852 [info] Got 1 sessions for ...
2025-12-22 02:26:46.853 [info] Getting sessions for all scopes...
2025-12-22 02:26:46.853 [info] Got 1 sessions for ...
2025-12-22 02:26:46.855 [info] Getting sessions for all scopes...
2025-12-22 02:26:46.855 [info] Got 1 sessions for ...
2025-12-22 02:26:46.892 [info] Getting sessions for read:user,repo,user:email,workflow...
2025-12-22 02:26:46.892 [info] Got 1 sessions for read:user,repo,user:email,workflow...
2025-12-22 02:26:47.093 [info] Getting sessions for all scopes...
2025-12-22 02:26:47.093 [info] Got 1 sessions for ...
2025-12-22 02:26:47.372 [info] FetcherService: Electron fetch failed with status: 429 
2025-12-22 02:26:47.895 [info] FetcherService: Node fetch failed with status: 429 Too Many Requests
2025-12-22 02:26:48.380 [info] FetcherService: Node http/s failed with status: 429 Too Many Requests
