2025-12-22 01:55:11.032 [info] Reading sessions from keychain...
2025-12-22 01:55:11.032 [info] Getting sessions for all scopes...
2025-12-22 01:55:11.032 [info] Got stored sessions!
2025-12-22 01:55:11.032 [info] Got 1 verified sessions.
2025-12-22 01:55:11.032 [info] Got 1 sessions for ...
2025-12-22 01:55:11.032 [info] Getting sessions for all scopes...
2025-12-22 01:55:11.032 [info] Got 1 sessions for ...
2025-12-22 01:55:11.032 [info] Getting sessions for all scopes...
2025-12-22 01:55:11.032 [info] Got 1 sessions for ...
2025-12-22 01:55:11.032 [info] Getting sessions for all scopes...
2025-12-22 01:55:11.032 [info] Got 1 sessions for ...
2025-12-22 01:55:11.032 [info] Getting sessions for all scopes...
2025-12-22 01:55:11.032 [info] Got 1 sessions for ...
2025-12-22 01:55:11.032 [info] Getting sessions for all scopes...
2025-12-22 01:55:11.032 [info] Got 1 sessions for ...
2025-12-22 01:55:11.032 [info] Getting sessions for all scopes...
2025-12-22 01:55:11.032 [info] Got 1 sessions for ...
2025-12-22 01:55:11.032 [info] Getting sessions for all scopes...
2025-12-22 01:55:11.032 [info] Got 1 sessions for ...
2025-12-22 01:55:11.032 [info] Getting sessions for all scopes...
2025-12-22 01:55:11.032 [info] Got 1 sessions for ...
2025-12-22 01:55:11.032 [info] Getting sessions for all scopes...
2025-12-22 01:55:11.032 [info] Got 1 sessions for ...
2025-12-22 01:55:11.032 [info] Getting sessions for all scopes...
2025-12-22 01:55:11.032 [info] Got 1 sessions for ...
2025-12-22 01:55:11.032 [info] Getting sessions for all scopes...
2025-12-22 01:55:11.032 [info] Got 1 sessions for ...
2025-12-22 01:55:11.032 [info] Getting sessions for all scopes...
2025-12-22 01:55:11.032 [info] Got 1 sessions for ...
2025-12-22 01:55:11.032 [info] Getting sessions for all scopes...
2025-12-22 01:55:11.032 [info] Got 1 sessions for ...
2025-12-22 01:55:11.032 [info] Getting sessions for all scopes...
2025-12-22 01:55:11.032 [info] Got 1 sessions for ...
2025-12-22 01:55:11.032 [info] Getting sessions for all scopes...
2025-12-22 01:55:11.032 [info] Got 1 sessions for ...
2025-12-22 01:55:11.032 [info] Getting sessions for all scopes...
2025-12-22 01:55:11.032 [info] Got 1 sessions for ...
2025-12-22 01:55:11.032 [info] Getting sessions for all scopes...
2025-12-22 01:55:11.032 [info] Got 1 sessions for ...
2025-12-22 01:55:11.033 [info] Getting sessions for read:user,repo,user:email,workflow...
2025-12-22 01:55:11.033 [info] Got 1 sessions for read:user,repo,user:email,workflow...
2025-12-22 01:55:11.190 [info] Getting sessions for all scopes...
2025-12-22 01:55:11.190 [info] Got 1 sessions for ...
2025-12-22 01:55:11.196 [info] Getting sessions for read:user,repo,user:email,workflow...
2025-12-22 01:55:11.196 [info] Got 1 sessions for read:user,repo,user:email,workflow...
2025-12-22 01:55:11.427 [info] Getting sessions for read:user,repo,user:email,workflow...
2025-12-22 01:55:11.427 [info] Got 1 sessions for read:user,repo,user:email,workflow...
2025-12-22 01:55:11.501 [info] Getting sessions for all scopes...
2025-12-22 01:55:11.501 [info] Got 1 sessions for ...
2025-12-22 01:55:11.501 [info] Getting sessions for all scopes...
2025-12-22 01:55:11.501 [info] Got 1 sessions for ...
2025-12-22 01:55:11.501 [info] Getting sessions for all scopes...
2025-12-22 01:55:11.501 [info] Got 1 sessions for ...
2025-12-22 01:55:11.503 [info] Getting sessions for all scopes...
2025-12-22 01:55:11.503 [info] Got 1 sessions for ...
2025-12-22 01:55:11.503 [info] Getting sessions for all scopes...
2025-12-22 01:55:11.503 [info] Got 1 sessions for ...
2025-12-22 01:55:11.505 [info] Getting sessions for read:user,repo,user:email,workflow...
2025-12-22 01:55:11.505 [info] Got 1 sessions for read:user,repo,user:email,workflow...
2025-12-22 01:55:11.799 [info] Getting sessions for all scopes...
2025-12-22 01:55:11.799 [info] Got 1 sessions for ...
2025-12-22 01:55:11.799 [info] Getting sessions for all scopes...
2025-12-22 01:55:11.799 [info] Got 1 sessions for ...
2025-12-22 01:55:11.799 [info] Getting sessions for read:user,repo,user:email,workflow...
2025-12-22 01:55:11.799 [info] Got 1 sessions for read:user,repo,user:email,workflow...
2025-12-22 01:55:11.861 [info] Getting sessions for all scopes...
2025-12-22 01:55:11.861 [info] Got 1 sessions for ...
2025-12-22 01:55:11.868 [info] Getting sessions for all scopes...
2025-12-22 01:55:11.868 [info] Got 1 sessions for ...
2025-12-22 01:55:11.869 [info] Getting sessions for all scopes...
2025-12-22 01:55:11.869 [info] Got 1 sessions for ...
2025-12-22 01:55:11.869 [info] Getting sessions for all scopes...
2025-12-22 01:55:11.869 [info] Got 1 sessions for ...
2025-12-22 01:55:11.888 [info] Getting sessions for read:user,repo,user:email,workflow...
2025-12-22 01:55:11.888 [info] Got 1 sessions for read:user,repo,user:email,workflow...
2025-12-22 01:55:11.904 [info] Getting sessions for all scopes...
2025-12-22 01:55:11.904 [info] Got 1 sessions for ...
2025-12-22 01:55:11.904 [info] Getting sessions for read:user,repo,user:email,workflow...
2025-12-22 01:55:11.904 [info] Got 1 sessions for read:user,repo,user:email,workflow...
2025-12-22 01:55:12.329 [info] Getting sessions for all scopes...
2025-12-22 01:55:12.329 [info] Got 1 sessions for ...
2025-12-22 01:55:12.515 [info] FetcherService: Electron fetch failed with status: 429 
2025-12-22 01:55:13.035 [info] FetcherService: Node fetch failed with status: 429 Too Many Requests
2025-12-22 01:55:13.565 [info] FetcherService: Node http/s failed with status: 429 Too Many Requests
