2025-12-22 01:52:38.384 [info] Reading sessions from keychain...
2025-12-22 01:52:38.384 [info] Getting sessions for all scopes...
2025-12-22 01:52:38.384 [info] Got 0 sessions for ...
2025-12-22 01:52:38.384 [info] Getting sessions for all scopes...
2025-12-22 01:52:38.384 [info] Got 0 sessions for ...
2025-12-22 01:52:38.384 [info] Getting sessions for all scopes...
2025-12-22 01:52:38.384 [info] Got 0 sessions for ...
2025-12-22 01:52:38.384 [info] Getting sessions for all scopes...
2025-12-22 01:52:38.384 [info] Got 0 sessions for ...
2025-12-22 01:52:38.384 [info] Getting sessions for all scopes...
2025-12-22 01:52:38.384 [info] Got 0 sessions for ...
2025-12-22 01:52:38.384 [info] Getting sessions for all scopes...
2025-12-22 01:52:38.384 [info] Got 0 sessions for ...
2025-12-22 01:52:38.384 [info] Getting sessions for all scopes...
2025-12-22 01:52:38.384 [info] Got 0 sessions for ...
2025-12-22 01:52:38.384 [info] Getting sessions for all scopes...
2025-12-22 01:52:38.384 [info] Got 0 sessions for ...
2025-12-22 01:52:38.384 [info] Getting sessions for all scopes...
2025-12-22 01:52:38.384 [info] Got 0 sessions for ...
2025-12-22 01:52:38.384 [info] Getting sessions for all scopes...
2025-12-22 01:52:38.384 [info] Got 0 sessions for ...
2025-12-22 01:52:38.384 [info] Getting sessions for all scopes...
2025-12-22 01:52:38.384 [info] Got 0 sessions for ...
2025-12-22 01:52:38.384 [info] Getting sessions for all scopes...
2025-12-22 01:52:38.384 [info] Got 0 sessions for ...
2025-12-22 01:52:38.384 [info] Getting sessions for all scopes...
2025-12-22 01:52:38.384 [info] Got 0 sessions for ...
2025-12-22 01:52:38.384 [info] Getting sessions for all scopes...
2025-12-22 01:52:38.384 [info] Got 0 sessions for ...
2025-12-22 01:52:38.384 [info] Getting sessions for all scopes...
2025-12-22 01:52:38.384 [info] Got 0 sessions for ...
2025-12-22 01:52:38.384 [info] Getting sessions for all scopes...
2025-12-22 01:52:38.384 [info] Got 0 sessions for ...
2025-12-22 01:52:38.384 [info] Getting sessions for all scopes...
2025-12-22 01:52:38.384 [info] Got 0 sessions for ...
2025-12-22 01:52:38.384 [info] Getting sessions for all scopes...
2025-12-22 01:52:38.384 [info] Got 0 sessions for ...
2025-12-22 01:52:38.384 [info] Getting sessions for user:email...
2025-12-22 01:52:38.384 [info] Got 0 sessions for user:email...
2025-12-22 01:52:38.384 [info] Getting sessions for read:user,repo,user:email,workflow...
2025-12-22 01:52:38.384 [info] Got 0 sessions for read:user,repo,user:email,workflow...
2025-12-22 01:52:38.739 [info] Getting sessions for all scopes...
2025-12-22 01:52:38.740 [info] Got 0 sessions for ...
2025-12-22 01:52:38.740 [info] Getting sessions for all scopes...
2025-12-22 01:52:38.740 [info] Got 0 sessions for ...
2025-12-22 01:52:38.740 [info] Getting sessions for all scopes...
2025-12-22 01:52:38.740 [info] Got 0 sessions for ...
2025-12-22 01:52:38.740 [info] Getting sessions for all scopes...
2025-12-22 01:52:38.740 [info] Got 0 sessions for ...
2025-12-22 01:52:38.742 [info] Getting sessions for user:email...
2025-12-22 01:52:38.742 [info] Got 0 sessions for user:email...
2025-12-22 01:52:38.742 [info] Getting sessions for read:user,repo,user:email,workflow...
2025-12-22 01:52:38.742 [info] Got 0 sessions for read:user,repo,user:email,workflow...
2025-12-22 01:52:38.742 [info] Getting sessions for read:user,repo,user:email,workflow...
2025-12-22 01:52:38.742 [info] Got 0 sessions for read:user,repo,user:email,workflow...
2025-12-22 01:52:39.210 [info] Getting sessions for read:user,repo,user:email,workflow...
2025-12-22 01:52:39.210 [info] Got 0 sessions for read:user,repo,user:email,workflow...
2025-12-22 01:52:39.579 [info] Getting sessions for all scopes...
2025-12-22 01:52:39.579 [info] Got 0 sessions for ...
