2025-12-22 11:13:45.023 [info] [main] Log level: Info
2025-12-22 11:13:45.023 [info] [main] Validating found git in: "git"
2025-12-22 11:13:45.023 [info] [main] Using git "2.52.0" from "git"
2025-12-22 11:13:45.023 [info] [Model][doInitialScan] Initial repository scan started
2025-12-22 11:13:45.023 [info] > git rev-parse --show-toplevel [7ms]
2025-12-22 11:13:45.023 [info] > git rev-parse --git-dir --git-common-dir --show-superproject-working-tree [3ms]
2025-12-22 11:13:45.023 [info] [Model][openRepository] Opened repository (path): /home/bongo/Projects/traffic_violation_app
2025-12-22 11:13:45.023 [info] [Model][openRepository] Opened repository (real path): /home/bongo/Projects/traffic_violation_app
2025-12-22 11:13:45.023 [info] [Model][openRepository] Opened repository (kind): repository
2025-12-22 11:13:45.023 [info] > git rev-parse --show-toplevel [3ms]
2025-12-22 11:13:45.023 [info] > git config --get commit.template [8ms]
2025-12-22 11:13:45.023 [info] > git rev-parse --show-toplevel [18ms]
2025-12-22 11:13:45.023 [info] > git for-each-ref --format=%(refname)%00%(upstream:short)%00%(objectname)%00%(upstream:track)%00%(upstream:remotename)%00%(upstream:remoteref) refs/heads/main refs/remotes/main [6ms]
2025-12-22 11:13:45.027 [warning] [Git][revParse] Unable to read file: ENOENT: no such file or directory, open '/home/bongo/Projects/traffic_violation_app/.git/refs/remotes/origin/main'
2025-12-22 11:13:45.028 [info] > git rev-parse --show-toplevel [18ms]
2025-12-22 11:13:45.042 [info] > git rev-parse refs/remotes/origin/main [15ms]
2025-12-22 11:13:45.051 [info] > git for-each-ref --sort -committerdate --format %(refname)%00%(objectname)%00%(*objectname) [2ms]
2025-12-22 11:13:45.052 [info] > git rev-parse --show-toplevel [10ms]
2025-12-22 11:13:45.062 [info] > git status -z -uall [17ms]
2025-12-22 11:13:45.079 [info] > git for-each-ref --format=%(refname)%00%(upstream:short)%00%(objectname)%00%(upstream:track)%00%(upstream:remotename)%00%(upstream:remoteref) refs/heads/main refs/remotes/main [7ms]
2025-12-22 11:13:45.083 [info] > git rev-parse --show-toplevel [22ms]
2025-12-22 11:13:45.090 [info] > git config --get --local branch.main.vscode-merge-base [7ms]
2025-12-22 11:13:45.094 [info] > git config --get commit.template [14ms]
2025-12-22 11:13:45.095 [info] > git for-each-ref --format=%(refname)%00%(upstream:short)%00%(objectname)%00%(upstream:track)%00%(upstream:remotename)%00%(upstream:remoteref) refs/heads/origin/main refs/remotes/origin/main [2ms]
2025-12-22 11:13:45.101 [info] > git rev-parse --show-toplevel [12ms]
2025-12-22 11:13:45.110 [info] > git for-each-ref --format=%(refname)%00%(upstream:short)%00%(objectname)%00%(upstream:track)%00%(upstream:remotename)%00%(upstream:remoteref) refs/heads/main refs/remotes/main [5ms]
2025-12-22 11:13:45.110 [info] > git merge-base refs/heads/main refs/remotes/origin/main [10ms]
2025-12-22 11:13:45.118 [warning] [Git][revParse] Unable to read file: ENOENT: no such file or directory, open '/home/bongo/Projects/traffic_violation_app/.git/refs/remotes/origin/main'
2025-12-22 11:13:45.118 [info] > git rev-parse --show-toplevel [9ms]
2025-12-22 11:13:45.122 [info] > git diff --name-status -z --diff-filter=ADMR --find-renames=50% fa61e6a351238217443b7e02dba06ea9e4ad33d4...refs/remotes/origin/main -- [8ms]
2025-12-22 11:13:45.123 [info] > git rev-parse --show-toplevel [1ms]
2025-12-22 11:13:45.123 [info] > git rev-parse refs/remotes/origin/main [5ms]
2025-12-22 11:13:45.134 [info] > git status -z -uall [8ms]
2025-12-22 11:13:45.134 [info] > git for-each-ref --sort -committerdate --format %(refname)%00%(objectname)%00%(*objectname) [4ms]
2025-12-22 11:13:45.137 [info] > git rev-parse --show-toplevel [4ms]
2025-12-22 11:13:45.149 [info] > git rev-parse --show-toplevel [8ms]
2025-12-22 11:13:45.155 [info] > git rev-parse --show-toplevel [1ms]
2025-12-22 11:13:45.156 [info] [Model][doInitialScan] Initial repository scan completed - repositories (1), closed repositories (0), parent repositories (0), unsafe repositories (0)
2025-12-22 11:13:45.286 [info] > git show --textconv :lib/screens/map_tab.dart [4ms]
2025-12-22 11:13:45.286 [info] > git ls-files --stage -- lib/screens/map_tab.dart [0ms]
2025-12-22 11:13:45.291 [info] > git cat-file -s 70bdab245634e53045570fdbc2fb0563e5af7b7a [1ms]
2025-12-22 11:13:45.513 [info] > git check-ignore -v -z --stdin [1ms]
2025-12-22 11:13:46.423 [info] > git config --get commit.template [153ms]
2025-12-22 11:13:46.441 [info] > git for-each-ref --format=%(refname)%00%(upstream:short)%00%(objectname)%00%(upstream:track)%00%(upstream:remotename)%00%(upstream:remoteref) refs/heads/main refs/remotes/main [9ms]
2025-12-22 11:13:46.445 [warning] [Git][revParse] Unable to read file: ENOENT: no such file or directory, open '/home/bongo/Projects/traffic_violation_app/.git/refs/remotes/origin/main'
2025-12-22 11:13:46.445 [info] > git ls-files --stage -- lib/screens/map_tab.dart [6ms]
2025-12-22 11:13:46.449 [info] > git rev-parse refs/remotes/origin/main [4ms]
2025-12-22 11:13:46.458 [info] > git status -z -uall [4ms]
2025-12-22 11:13:46.458 [info] > git cat-file -s 70bdab245634e53045570fdbc2fb0563e5af7b7a [9ms]
2025-12-22 11:13:46.459 [info] > git for-each-ref --sort -committerdate --format %(refname)%00%(objectname)%00%(*objectname) [1ms]
2025-12-22 11:13:46.465 [info] > git show --textconv :lib/screens/map_tab.dart [1ms]
2025-12-22 11:13:46.644 [info] > git config --get commit.template [1ms]
2025-12-22 11:13:46.655 [info] > git for-each-ref --format=%(refname)%00%(upstream:short)%00%(objectname)%00%(upstream:track)%00%(upstream:remotename)%00%(upstream:remoteref) refs/heads/main refs/remotes/main [1ms]
2025-12-22 11:13:46.659 [warning] [Git][revParse] Unable to read file: ENOENT: no such file or directory, open '/home/bongo/Projects/traffic_violation_app/.git/refs/remotes/origin/main'
2025-12-22 11:13:46.663 [info] > git rev-parse refs/remotes/origin/main [4ms]
2025-12-22 11:13:46.672 [info] > git status -z -uall [5ms]
2025-12-22 11:13:46.672 [info] > git for-each-ref --sort -committerdate --format %(refname)%00%(objectname)%00%(*objectname) [1ms]
