2025-12-22 11:13:44.533 [info] Reading sessions from keychain...
2025-12-22 11:13:44.533 [info] Getting sessions for all scopes...
2025-12-22 11:13:44.638 [info] Got stored sessions!
2025-12-22 11:13:44.638 [info] Got 1 verified sessions.
2025-12-22 11:13:44.638 [info] Got 1 sessions for ...
2025-12-22 11:13:44.639 [info] Getting sessions for all scopes...
2025-12-22 11:13:44.639 [info] Got 1 sessions for ...
2025-12-22 11:13:44.639 [info] Getting sessions for all scopes...
2025-12-22 11:13:44.639 [info] Got 1 sessions for ...
2025-12-22 11:13:44.639 [info] Getting sessions for all scopes...
2025-12-22 11:13:44.639 [info] Got 1 sessions for ...
2025-12-22 11:13:44.639 [info] Getting sessions for all scopes...
2025-12-22 11:13:44.639 [info] Got 1 sessions for ...
2025-12-22 11:13:44.639 [info] Getting sessions for all scopes...
2025-12-22 11:13:44.639 [info] Got 1 sessions for ...
2025-12-22 11:13:44.639 [info] Getting sessions for all scopes...
2025-12-22 11:13:44.639 [info] Got 1 sessions for ...
2025-12-22 11:13:44.639 [info] Getting sessions for all scopes...
2025-12-22 11:13:44.639 [info] Got 1 sessions for ...
2025-12-22 11:13:44.639 [info] Getting sessions for all scopes...
2025-12-22 11:13:44.639 [info] Got 1 sessions for ...
2025-12-22 11:13:44.639 [info] Getting sessions for all scopes...
2025-12-22 11:13:44.639 [info] Got 1 sessions for ...
2025-12-22 11:13:44.715 [info] Getting sessions for all scopes...
2025-12-22 11:13:44.715 [info] Got 1 sessions for ...
2025-12-22 11:13:44.715 [info] Getting sessions for all scopes...
2025-12-22 11:13:44.715 [info] Got 1 sessions for ...
2025-12-22 11:13:44.821 [info] Getting sessions for all scopes...
2025-12-22 11:13:44.821 [info] Got 1 sessions for ...
2025-12-22 11:13:44.821 [info] Getting sessions for all scopes...
2025-12-22 11:13:44.821 [info] Got 1 sessions for ...
2025-12-22 11:13:44.821 [info] Getting sessions for all scopes...
2025-12-22 11:13:44.821 [info] Got 1 sessions for ...
2025-12-22 11:13:44.821 [info] Getting sessions for all scopes...
2025-12-22 11:13:44.821 [info] Got 1 sessions for ...
2025-12-22 11:13:44.821 [info] Getting sessions for all scopes...
2025-12-22 11:13:44.821 [info] Got 1 sessions for ...
2025-12-22 11:13:44.821 [info] Getting sessions for all scopes...
2025-12-22 11:13:44.821 [info] Got 1 sessions for ...
2025-12-22 11:13:44.926 [info] Getting sessions for read:user,repo,user:email,workflow...
2025-12-22 11:13:44.926 [info] Got 1 sessions for read:user,repo,user:email,workflow...
2025-12-22 11:13:45.115 [info] Getting sessions for all scopes...
2025-12-22 11:13:45.115 [info] Got 1 sessions for ...
2025-12-22 11:13:45.138 [info] Getting sessions for read:user,repo,user:email,workflow...
2025-12-22 11:13:45.138 [info] Got 1 sessions for read:user,repo,user:email,workflow...
2025-12-22 11:13:45.149 [info] Getting sessions for read:user,repo,user:email,workflow...
2025-12-22 11:13:45.149 [info] Got 1 sessions for read:user,repo,user:email,workflow...
2025-12-22 11:13:45.767 [info] Getting sessions for all scopes...
2025-12-22 11:13:45.767 [info] Got 1 sessions for ...
2025-12-22 11:13:45.915 [info] Getting sessions for all scopes...
2025-12-22 11:13:45.915 [info] Got 1 sessions for ...
2025-12-22 11:13:45.916 [info] Getting sessions for all scopes...
2025-12-22 11:13:45.916 [info] Got 1 sessions for ...
2025-12-22 11:13:45.921 [info] Getting sessions for read:user,repo,user:email,workflow...
2025-12-22 11:13:45.921 [info] Got 1 sessions for read:user,repo,user:email,workflow...
2025-12-22 11:13:46.157 [info] Getting sessions for all scopes...
2025-12-22 11:13:46.157 [info] Got 1 sessions for ...
2025-12-22 11:13:46.158 [info] Getting sessions for all scopes...
2025-12-22 11:13:46.158 [info] Got 1 sessions for ...
2025-12-22 11:13:46.160 [info] Getting sessions for all scopes...
2025-12-22 11:13:46.160 [info] Got 1 sessions for ...
2025-12-22 11:13:46.160 [info] Getting sessions for all scopes...
2025-12-22 11:13:46.160 [info] Got 1 sessions for ...
2025-12-22 11:13:46.160 [info] Getting sessions for all scopes...
2025-12-22 11:13:46.160 [info] Got 1 sessions for ...
2025-12-22 11:13:46.161 [info] Getting sessions for read:user,repo,user:email,workflow...
2025-12-22 11:13:46.161 [info] Got 1 sessions for read:user,repo,user:email,workflow...
2025-12-22 11:13:46.520 [info] FetcherService: Electron fetch failed with status: 429 
2025-12-22 11:13:46.675 [info] Getting sessions for all scopes...
2025-12-22 11:13:46.675 [info] Got 1 sessions for ...
2025-12-22 11:13:46.680 [info] Getting sessions for read:user,repo,user:email,workflow...
2025-12-22 11:13:46.680 [info] Got 1 sessions for read:user,repo,user:email,workflow...
2025-12-22 11:13:47.169 [info] FetcherService: Node fetch failed with status: 429 Too Many Requests
2025-12-22 11:13:47.816 [info] FetcherService: Node http/s failed with status: 429 Too Many Requests
2025-12-22 11:32:04.405 [info] Getting sessions for all scopes...
2025-12-22 11:32:04.405 [info] Got 1 sessions for ...
2025-12-22 11:32:04.405 [info] Getting sessions for read:user,repo,user:email,workflow...
2025-12-22 11:32:04.405 [info] Got 1 sessions for read:user,repo,user:email,workflow...
