2025-12-20 06:27:38.916 [info] Reading sessions from keychain...
2025-12-20 06:27:38.916 [info] Getting sessions for all scopes...
2025-12-20 06:27:38.916 [info] Got 0 sessions for ...
2025-12-20 06:27:38.916 [info] Getting sessions for all scopes...
2025-12-20 06:27:38.916 [info] Got 0 sessions for ...
2025-12-20 06:27:38.916 [info] Getting sessions for all scopes...
2025-12-20 06:27:38.916 [info] Got 0 sessions for ...
2025-12-20 06:27:38.916 [info] Getting sessions for all scopes...
2025-12-20 06:27:38.916 [info] Got 0 sessions for ...
2025-12-20 06:27:38.916 [info] Getting sessions for all scopes...
2025-12-20 06:27:38.916 [info] Got 0 sessions for ...
2025-12-20 06:27:38.916 [info] Getting sessions for all scopes...
2025-12-20 06:27:38.916 [info] Got 0 sessions for ...
2025-12-20 06:27:38.916 [info] Getting sessions for all scopes...
2025-12-20 06:27:38.916 [info] Got 0 sessions for ...
2025-12-20 06:27:38.916 [info] Getting sessions for all scopes...
2025-12-20 06:27:38.916 [info] Got 0 sessions for ...
2025-12-20 06:27:38.916 [info] Getting sessions for all scopes...
2025-12-20 06:27:38.916 [info] Got 0 sessions for ...
2025-12-20 06:27:38.916 [info] Getting sessions for all scopes...
2025-12-20 06:27:38.916 [info] Got 0 sessions for ...
2025-12-20 06:27:38.916 [info] Getting sessions for all scopes...
2025-12-20 06:27:38.916 [info] Got 0 sessions for ...
2025-12-20 06:27:38.916 [info] Getting sessions for all scopes...
2025-12-20 06:27:38.916 [info] Got 0 sessions for ...
2025-12-20 06:27:38.916 [info] Getting sessions for all scopes...
2025-12-20 06:27:38.916 [info] Got 0 sessions for ...
2025-12-20 06:27:38.917 [info] Getting sessions for all scopes...
2025-12-20 06:27:38.917 [info] Got 0 sessions for ...
2025-12-20 06:27:38.917 [info] Getting sessions for all scopes...
2025-12-20 06:27:38.917 [info] Got 0 sessions for ...
2025-12-20 06:27:41.071 [info] Getting sessions for all scopes...
2025-12-20 06:27:41.071 [info] Got 0 sessions for ...
2025-12-20 06:28:16.269 [info] Logging in with 'any' account...
2025-12-20 06:28:16.269 [info] Logging in for the following scopes: read:user repo user:email workflow
2025-12-20 06:28:16.328 [info] Trying with local server... (read:user repo user:email workflow)
2025-12-20 06:28:21.394 [info] Exchanging code for token...
2025-12-20 06:28:21.879 [info] Token exchange success!
2025-12-20 06:28:21.880 [info] Getting user info...
2025-12-20 06:28:22.362 [info] Got account info!
2025-12-20 06:28:22.363 [info] Storing 1 sessions...
2025-12-20 06:28:22.903 [info] FetcherService: Electron fetch failed with status: 429 
2025-12-20 06:28:23.442 [info] FetcherService: Node fetch failed with status: 429 Too Many Requests
2025-12-20 06:28:23.991 [info] FetcherService: Node http/s failed with status: 429 Too Many Requests
2025-12-20 06:28:38.463 [info] Reading sessions from keychain...
2025-12-20 06:28:38.463 [info] Stored 1 sessions!
2025-12-20 06:28:38.463 [info] Login success!
2025-12-20 06:28:38.463 [info] Got stored sessions!
2025-12-20 06:28:38.463 [info] Got 1 verified sessions.
2025-12-20 06:28:38.463 [info] Getting sessions for all scopes...
2025-12-20 06:28:38.463 [info] Got 1 sessions for ...
2025-12-20 06:28:38.464 [info] Getting sessions for all scopes...
2025-12-20 06:28:38.464 [info] Got 1 sessions for ...
2025-12-20 06:28:38.467 [info] Getting sessions for all scopes...
2025-12-20 06:28:38.467 [info] Got 1 sessions for ...
2025-12-20 06:28:44.921 [info] Getting sessions for all scopes...
2025-12-20 06:28:44.921 [info] Got 1 sessions for ...
2025-12-20 06:28:44.921 [info] Getting sessions for all scopes...
2025-12-20 06:28:44.921 [info] Got 1 sessions for ...
2025-12-20 06:28:45.032 [info] Getting sessions for read:user,repo,user:email,workflow...
2025-12-20 06:28:45.032 [info] Got 1 sessions for read:user,repo,user:email,workflow...
2025-12-20 06:28:45.056 [info] Getting sessions for all scopes...
2025-12-20 06:28:45.056 [info] Got 1 sessions for ...
2025-12-20 06:28:45.056 [info] Getting sessions for read:user,repo,user:email,workflow...
2025-12-20 06:28:45.056 [info] Got 1 sessions for read:user,repo,user:email,workflow...
2025-12-20 06:28:45.300 [info] Getting sessions for all scopes...
2025-12-20 06:28:45.300 [info] Got 1 sessions for ...
2025-12-20 06:28:45.300 [info] Getting sessions for all scopes...
2025-12-20 06:28:45.300 [info] Got 1 sessions for ...
2025-12-20 06:28:45.303 [info] Getting sessions for all scopes...
2025-12-20 06:28:45.303 [info] Got 1 sessions for ...
2025-12-20 06:28:45.305 [info] Getting sessions for read:user,repo,user:email,workflow...
2025-12-20 06:28:45.305 [info] Got 1 sessions for read:user,repo,user:email,workflow...
2025-12-20 06:28:45.565 [info] Getting sessions for all scopes...
2025-12-20 06:28:45.565 [info] Got 1 sessions for ...
2025-12-20 06:28:45.565 [info] Getting sessions for all scopes...
2025-12-20 06:28:45.565 [info] Got 1 sessions for ...
2025-12-20 06:28:45.567 [info] Getting sessions for read:user,repo,user:email,workflow...
2025-12-20 06:28:45.567 [info] Got 1 sessions for read:user,repo,user:email,workflow...
2025-12-20 06:28:45.619 [info] Getting sessions for all scopes...
2025-12-20 06:28:45.619 [info] Got 1 sessions for ...
2025-12-20 06:28:45.621 [info] Getting sessions for all scopes...
2025-12-20 06:28:45.621 [info] Got 1 sessions for ...
2025-12-20 06:28:45.621 [info] Getting sessions for all scopes...
2025-12-20 06:28:45.621 [info] Got 1 sessions for ...
2025-12-20 06:28:45.623 [info] Getting sessions for all scopes...
2025-12-20 06:28:45.623 [info] Got 1 sessions for ...
2025-12-20 06:28:45.624 [info] Getting sessions for read:user,repo,user:email,workflow...
2025-12-20 06:28:45.624 [info] Got 1 sessions for read:user,repo,user:email,workflow...
2025-12-20 06:28:46.290 [info] Getting sessions for all scopes...
2025-12-20 06:28:46.290 [info] Got 1 sessions for ...
2025-12-20 06:28:46.290 [info] Getting sessions for read:user,repo,user:email,workflow...
2025-12-20 06:28:46.290 [info] Got 1 sessions for read:user,repo,user:email,workflow...
