2025-12-22 11:14:07.271 [info] Reading sessions from keychain...
2025-12-22 11:14:07.271 [info] Got stored sessions!
2025-12-22 11:14:07.271 [info] Got 1 verified sessions.
2025-12-22 11:14:07.271 [info] Getting sessions for all scopes...
2025-12-22 11:14:07.271 [info] Got 1 sessions for ...
2025-12-22 11:14:07.271 [info] Getting sessions for all scopes...
2025-12-22 11:14:07.271 [info] Got 1 sessions for ...
2025-12-22 11:14:07.271 [info] Getting sessions for all scopes...
2025-12-22 11:14:07.271 [info] Got 1 sessions for ...
2025-12-22 11:14:07.271 [info] Getting sessions for all scopes...
2025-12-22 11:14:07.271 [info] Got 1 sessions for ...
2025-12-22 11:14:07.271 [info] Getting sessions for all scopes...
2025-12-22 11:14:07.271 [info] Got 1 sessions for ...
2025-12-22 11:14:07.271 [info] Getting sessions for all scopes...
2025-12-22 11:14:07.271 [info] Got 1 sessions for ...
2025-12-22 11:14:07.271 [info] Getting sessions for all scopes...
2025-12-22 11:14:07.271 [info] Got 1 sessions for ...
2025-12-22 11:14:07.271 [info] Getting sessions for all scopes...
2025-12-22 11:14:07.271 [info] Got 1 sessions for ...
2025-12-22 11:14:07.271 [info] Getting sessions for all scopes...
2025-12-22 11:14:07.271 [info] Got 1 sessions for ...
2025-12-22 11:14:07.271 [info] Getting sessions for all scopes...
2025-12-22 11:14:07.271 [info] Got 1 sessions for ...
2025-12-22 11:14:07.271 [info] Getting sessions for all scopes...
2025-12-22 11:14:07.271 [info] Got 1 sessions for ...
2025-12-22 11:14:07.271 [info] Getting sessions for all scopes...
2025-12-22 11:14:07.271 [info] Got 1 sessions for ...
2025-12-22 11:14:07.271 [info] Getting sessions for all scopes...
2025-12-22 11:14:07.271 [info] Got 1 sessions for ...
2025-12-22 11:14:07.271 [info] Getting sessions for all scopes...
2025-12-22 11:14:07.271 [info] Got 1 sessions for ...
2025-12-22 11:14:07.271 [info] Getting sessions for all scopes...
2025-12-22 11:14:07.271 [info] Got 1 sessions for ...
2025-12-22 11:14:07.271 [info] Getting sessions for all scopes...
2025-12-22 11:14:07.271 [info] Got 1 sessions for ...
2025-12-22 11:14:07.271 [info] Getting sessions for all scopes...
2025-12-22 11:14:07.271 [info] Got 1 sessions for ...
2025-12-22 11:14:07.271 [info] Getting sessions for all scopes...
2025-12-22 11:14:07.271 [info] Got 1 sessions for ...
2025-12-22 11:14:07.271 [info] Getting sessions for read:user,repo,user:email,workflow...
2025-12-22 11:14:07.271 [info] Got 1 sessions for read:user,repo,user:email,workflow...
2025-12-22 11:14:07.282 [info] Getting sessions for all scopes...
2025-12-22 11:14:07.282 [info] Got 1 sessions for ...
2025-12-22 11:14:07.283 [info] Getting sessions for read:user,repo,user:email,workflow...
2025-12-22 11:14:07.283 [info] Got 1 sessions for read:user,repo,user:email,workflow...
2025-12-22 11:14:07.966 [info] Getting sessions for all scopes...
2025-12-22 11:14:07.966 [info] Got 1 sessions for ...
2025-12-22 11:14:07.966 [info] Getting sessions for all scopes...
2025-12-22 11:14:07.966 [info] Got 1 sessions for ...
2025-12-22 11:14:07.975 [info] Getting sessions for read:user,repo,user:email,workflow...
2025-12-22 11:14:07.975 [info] Got 1 sessions for read:user,repo,user:email,workflow...
2025-12-22 11:14:08.252 [info] Getting sessions for all scopes...
2025-12-22 11:14:08.252 [info] Got 1 sessions for ...
2025-12-22 11:14:08.252 [info] Getting sessions for all scopes...
2025-12-22 11:14:08.252 [info] Got 1 sessions for ...
2025-12-22 11:14:08.254 [info] Getting sessions for all scopes...
2025-12-22 11:14:08.254 [info] Got 1 sessions for ...
2025-12-22 11:14:08.254 [info] Getting sessions for read:user,repo,user:email,workflow...
2025-12-22 11:14:08.254 [info] Got 1 sessions for read:user,repo,user:email,workflow...
2025-12-22 11:14:08.370 [info] FetcherService: Electron fetch failed with status: 429 
2025-12-22 11:14:08.555 [info] Getting sessions for all scopes...
2025-12-22 11:14:08.555 [info] Got 1 sessions for ...
2025-12-22 11:14:09.293 [info] FetcherService: Node fetch failed with status: 429 Too Many Requests
