2025-12-23 17:42:23.617 [info] Reading sessions from keychain...
2025-12-23 17:42:23.617 [info] Getting sessions for all scopes...
2025-12-23 17:42:23.691 [info] Got stored sessions!
2025-12-23 17:42:23.691 [info] Got 1 verified sessions.
2025-12-23 17:42:23.691 [info] Got 1 sessions for ...
2025-12-23 17:42:23.691 [info] Getting sessions for all scopes...
2025-12-23 17:42:23.691 [info] Got 1 sessions for ...
2025-12-23 17:42:23.691 [info] Getting sessions for all scopes...
2025-12-23 17:42:23.691 [info] Got 1 sessions for ...
2025-12-23 17:42:23.691 [info] Getting sessions for all scopes...
2025-12-23 17:42:23.691 [info] Got 1 sessions for ...
2025-12-23 17:42:23.691 [info] Getting sessions for all scopes...
2025-12-23 17:42:23.691 [info] Got 1 sessions for ...
2025-12-23 17:42:23.691 [info] Getting sessions for all scopes...
2025-12-23 17:42:23.691 [info] Got 1 sessions for ...
2025-12-23 17:42:23.691 [info] Getting sessions for all scopes...
2025-12-23 17:42:23.691 [info] Got 1 sessions for ...
2025-12-23 17:42:23.691 [info] Getting sessions for all scopes...
2025-12-23 17:42:23.691 [info] Got 1 sessions for ...
2025-12-23 17:42:23.691 [info] Getting sessions for all scopes...
2025-12-23 17:42:23.691 [info] Got 1 sessions for ...
2025-12-23 17:42:23.691 [info] Getting sessions for all scopes...
2025-12-23 17:42:23.691 [info] Got 1 sessions for ...
2025-12-23 17:42:23.691 [info] Getting sessions for all scopes...
2025-12-23 17:42:23.691 [info] Got 1 sessions for ...
2025-12-23 17:42:23.691 [info] Getting sessions for all scopes...
2025-12-23 17:42:23.691 [info] Got 1 sessions for ...
2025-12-23 17:42:23.725 [info] Getting sessions for all scopes...
2025-12-23 17:42:23.725 [info] Got 1 sessions for ...
2025-12-23 17:42:23.725 [info] Getting sessions for all scopes...
2025-12-23 17:42:23.725 [info] Got 1 sessions for ...
2025-12-23 17:42:23.725 [info] Getting sessions for all scopes...
2025-12-23 17:42:23.725 [info] Got 1 sessions for ...
2025-12-23 17:42:23.725 [info] Getting sessions for all scopes...
2025-12-23 17:42:23.725 [info] Got 1 sessions for ...
2025-12-23 17:42:23.725 [info] Getting sessions for all scopes...
2025-12-23 17:42:23.725 [info] Got 1 sessions for ...
2025-12-23 17:42:23.725 [info] Getting sessions for all scopes...
2025-12-23 17:42:23.725 [info] Got 1 sessions for ...
2025-12-23 17:42:23.802 [info] Getting sessions for read:user,repo,user:email,workflow...
2025-12-23 17:42:23.803 [info] Got 1 sessions for read:user,repo,user:email,workflow...
2025-12-23 17:42:24.046 [info] Getting sessions for all scopes...
2025-12-23 17:42:24.046 [info] Got 1 sessions for ...
2025-12-23 17:42:24.079 [info] Getting sessions for read:user,repo,user:email,workflow...
2025-12-23 17:42:24.079 [info] Got 1 sessions for read:user,repo,user:email,workflow...
2025-12-23 17:42:24.185 [info] Getting sessions for read:user,repo,user:email,workflow...
2025-12-23 17:42:24.185 [info] Got 1 sessions for read:user,repo,user:email,workflow...
2025-12-23 17:42:24.259 [info] Getting sessions for all scopes...
2025-12-23 17:42:24.259 [info] Got 1 sessions for ...
2025-12-23 17:42:24.259 [info] Getting sessions for all scopes...
2025-12-23 17:42:24.259 [info] Got 1 sessions for ...
2025-12-23 17:42:24.260 [info] Getting sessions for all scopes...
2025-12-23 17:42:24.260 [info] Got 1 sessions for ...
2025-12-23 17:42:24.261 [info] Getting sessions for all scopes...
2025-12-23 17:42:24.261 [info] Got 1 sessions for ...
2025-12-23 17:42:24.261 [info] Getting sessions for all scopes...
2025-12-23 17:42:24.261 [info] Got 1 sessions for ...
2025-12-23 17:42:24.373 [info] Getting sessions for read:user,repo,user:email,workflow...
2025-12-23 17:42:24.373 [info] Got 1 sessions for read:user,repo,user:email,workflow...
2025-12-23 17:42:24.663 [info] Getting sessions for all scopes...
2025-12-23 17:42:24.663 [info] Got 1 sessions for ...
2025-12-23 17:42:24.663 [info] Getting sessions for all scopes...
2025-12-23 17:42:24.663 [info] Got 1 sessions for ...
2025-12-23 17:42:24.683 [info] Getting sessions for read:user,repo,user:email,workflow...
2025-12-23 17:42:24.683 [info] Got 1 sessions for read:user,repo,user:email,workflow...
2025-12-23 17:42:24.748 [info] Getting sessions for all scopes...
2025-12-23 17:42:24.748 [info] Got 1 sessions for ...
2025-12-23 17:42:24.759 [info] Getting sessions for all scopes...
2025-12-23 17:42:24.759 [info] Got 1 sessions for ...
2025-12-23 17:42:24.760 [info] Getting sessions for all scopes...
2025-12-23 17:42:24.760 [info] Got 1 sessions for ...
2025-12-23 17:42:24.762 [info] Getting sessions for all scopes...
2025-12-23 17:42:24.762 [info] Got 1 sessions for ...
2025-12-23 17:42:24.794 [info] Getting sessions for read:user,repo,user:email,workflow...
2025-12-23 17:42:24.794 [info] Got 1 sessions for read:user,repo,user:email,workflow...
2025-12-23 17:42:24.826 [info] Getting sessions for all scopes...
2025-12-23 17:42:24.826 [info] Got 1 sessions for ...
2025-12-23 17:42:24.846 [info] Getting sessions for read:user,repo,user:email,workflow...
2025-12-23 17:42:24.846 [info] Got 1 sessions for read:user,repo,user:email,workflow...
2025-12-23 17:42:25.188 [info] Getting sessions for all scopes...
2025-12-23 17:42:25.188 [info] Got 1 sessions for ...
2025-12-23 17:42:25.269 [info] FetcherService: Electron fetch failed with status: 429 
2025-12-23 17:42:25.772 [info] FetcherService: Node fetch failed with status: 429 Too Many Requests
2025-12-23 17:42:26.295 [info] FetcherService: Node http/s failed with status: 429 Too Many Requests
