2025-12-22 01:54:43.303 [info] Reading sessions from keychain...
2025-12-22 01:54:43.304 [info] Getting sessions for all scopes...
2025-12-22 01:54:43.304 [info] Got 0 sessions for ...
2025-12-22 01:54:43.304 [info] Getting sessions for all scopes...
2025-12-22 01:54:43.304 [info] Got 0 sessions for ...
2025-12-22 01:54:43.304 [info] Getting sessions for all scopes...
2025-12-22 01:54:43.304 [info] Got 0 sessions for ...
2025-12-22 01:54:43.304 [info] Getting sessions for all scopes...
2025-12-22 01:54:43.304 [info] Got 0 sessions for ...
2025-12-22 01:54:43.304 [info] Getting sessions for all scopes...
2025-12-22 01:54:43.304 [info] Got 0 sessions for ...
2025-12-22 01:54:43.304 [info] Getting sessions for all scopes...
2025-12-22 01:54:43.304 [info] Got 0 sessions for ...
2025-12-22 01:54:43.304 [info] Getting sessions for all scopes...
2025-12-22 01:54:43.304 [info] Got 0 sessions for ...
2025-12-22 01:54:43.304 [info] Getting sessions for all scopes...
2025-12-22 01:54:43.304 [info] Got 0 sessions for ...
2025-12-22 01:54:43.304 [info] Getting sessions for all scopes...
2025-12-22 01:54:43.304 [info] Got 0 sessions for ...
2025-12-22 01:54:43.304 [info] Getting sessions for all scopes...
2025-12-22 01:54:43.304 [info] Got 0 sessions for ...
2025-12-22 01:54:43.304 [info] Getting sessions for all scopes...
2025-12-22 01:54:43.304 [info] Got 0 sessions for ...
2025-12-22 01:54:43.304 [info] Getting sessions for all scopes...
2025-12-22 01:54:43.304 [info] Got 0 sessions for ...
2025-12-22 01:54:43.304 [info] Getting sessions for all scopes...
2025-12-22 01:54:43.304 [info] Got 0 sessions for ...
2025-12-22 01:54:43.304 [info] Getting sessions for all scopes...
2025-12-22 01:54:43.304 [info] Got 0 sessions for ...
2025-12-22 01:54:43.304 [info] Getting sessions for all scopes...
2025-12-22 01:54:43.304 [info] Got 0 sessions for ...
2025-12-22 01:54:43.304 [info] Getting sessions for all scopes...
2025-12-22 01:54:43.304 [info] Got 0 sessions for ...
2025-12-22 01:54:43.304 [info] Getting sessions for all scopes...
2025-12-22 01:54:43.304 [info] Got 0 sessions for ...
2025-12-22 01:54:43.304 [info] Getting sessions for all scopes...
2025-12-22 01:54:43.304 [info] Got 0 sessions for ...
2025-12-22 01:54:43.304 [info] Getting sessions for user:email...
2025-12-22 01:54:43.304 [info] Got 0 sessions for user:email...
2025-12-22 01:54:43.304 [info] Getting sessions for read:user,repo,user:email,workflow...
2025-12-22 01:54:43.304 [info] Got 0 sessions for read:user,repo,user:email,workflow...
2025-12-22 01:54:43.471 [info] Getting sessions for all scopes...
2025-12-22 01:54:43.471 [info] Got 0 sessions for ...
2025-12-22 01:54:43.539 [info] Getting sessions for user:email...
2025-12-22 01:54:43.539 [info] Got 0 sessions for user:email...
2025-12-22 01:54:43.740 [info] Getting sessions for read:user,repo,user:email,workflow...
2025-12-22 01:54:43.740 [info] Got 0 sessions for read:user,repo,user:email,workflow...
2025-12-22 01:54:43.873 [info] Getting sessions for all scopes...
2025-12-22 01:54:43.873 [info] Got 0 sessions for ...
2025-12-22 01:54:43.874 [info] Getting sessions for all scopes...
2025-12-22 01:54:43.874 [info] Got 0 sessions for ...
2025-12-22 01:54:43.874 [info] Getting sessions for all scopes...
2025-12-22 01:54:43.874 [info] Got 0 sessions for ...
2025-12-22 01:54:43.874 [info] Getting sessions for all scopes...
2025-12-22 01:54:43.874 [info] Got 0 sessions for ...
2025-12-22 01:54:44.086 [info] Getting sessions for user:email...
2025-12-22 01:54:44.086 [info] Got 0 sessions for user:email...
2025-12-22 01:54:44.092 [info] Getting sessions for read:user,repo,user:email,workflow...
2025-12-22 01:54:44.092 [info] Got 0 sessions for read:user,repo,user:email,workflow...
2025-12-22 01:54:44.092 [info] Getting sessions for read:user,repo,user:email,workflow...
2025-12-22 01:54:44.092 [info] Got 0 sessions for read:user,repo,user:email,workflow...
2025-12-22 01:54:44.100 [info] Getting sessions for all scopes...
2025-12-22 01:54:44.101 [info] Got 0 sessions for ...
2025-12-22 01:54:46.827 [info] Logging in with 'any' account...
2025-12-22 01:54:46.827 [info] Logging in for the following scopes: read:user repo user:email workflow
2025-12-22 01:54:46.831 [info] Trying with local server... (read:user repo user:email workflow)
2025-12-22 01:54:50.784 [info] Exchanging code for token...
2025-12-22 01:54:51.219 [info] Token exchange success!
2025-12-22 01:54:51.220 [info] Getting user info...
2025-12-22 01:54:51.815 [info] Got account info!
2025-12-22 01:54:51.816 [info] Storing 1 sessions...
2025-12-22 01:54:51.818 [info] Reading sessions from keychain...
2025-12-22 01:54:51.818 [info] Stored 1 sessions!
2025-12-22 01:54:51.818 [info] Login success!
2025-12-22 01:54:51.819 [info] Getting sessions for all scopes...
2025-12-22 01:54:51.824 [info] Got stored sessions!
2025-12-22 01:54:51.824 [info] Got 1 verified sessions.
2025-12-22 01:54:51.824 [info] Got 1 sessions for ...
2025-12-22 01:54:51.825 [info] Getting sessions for all scopes...
2025-12-22 01:54:51.825 [info] Got 1 sessions for ...
2025-12-22 01:54:51.825 [info] Getting sessions for all scopes...
2025-12-22 01:54:51.825 [info] Got 1 sessions for ...
2025-12-22 01:54:51.825 [info] Getting sessions for all scopes...
2025-12-22 01:54:51.825 [info] Got 1 sessions for ...
2025-12-22 01:54:51.825 [info] Getting sessions for all scopes...
2025-12-22 01:54:51.825 [info] Got 1 sessions for ...
2025-12-22 01:54:51.827 [info] Getting sessions for all scopes...
2025-12-22 01:54:51.827 [info] Got 1 sessions for ...
2025-12-22 01:54:51.828 [info] Getting sessions for all scopes...
2025-12-22 01:54:51.828 [info] Got 1 sessions for ...
2025-12-22 01:54:51.829 [info] Getting sessions for all scopes...
2025-12-22 01:54:51.829 [info] Got 1 sessions for ...
2025-12-22 01:54:51.829 [info] Getting sessions for read:user,repo,user:email,workflow...
2025-12-22 01:54:51.829 [info] Got 1 sessions for read:user,repo,user:email,workflow...
2025-12-22 01:54:51.848 [info] Getting sessions for read:user,repo,user:email,workflow...
2025-12-22 01:54:51.848 [info] Got 1 sessions for read:user,repo,user:email,workflow...
2025-12-22 01:54:51.851 [info] Getting sessions for all scopes...
2025-12-22 01:54:51.851 [info] Got 1 sessions for ...
2025-12-22 01:54:51.852 [info] Getting sessions for read:user,repo,user:email,workflow...
2025-12-22 01:54:51.852 [info] Got 1 sessions for read:user,repo,user:email,workflow...
2025-12-22 01:54:52.264 [info] Getting sessions for all scopes...
2025-12-22 01:54:52.264 [info] Got 1 sessions for ...
2025-12-22 01:54:52.264 [info] Getting sessions for all scopes...
2025-12-22 01:54:52.264 [info] Got 1 sessions for ...
2025-12-22 01:54:52.265 [info] Getting sessions for read:user,repo,user:email,workflow...
2025-12-22 01:54:52.265 [info] Got 1 sessions for read:user,repo,user:email,workflow...
2025-12-22 01:54:52.328 [info] Getting sessions for all scopes...
2025-12-22 01:54:52.328 [info] Got 1 sessions for ...
2025-12-22 01:54:52.330 [info] Getting sessions for all scopes...
2025-12-22 01:54:52.330 [info] Got 1 sessions for ...
2025-12-22 01:54:52.330 [info] Getting sessions for all scopes...
2025-12-22 01:54:52.330 [info] Got 1 sessions for ...
2025-12-22 01:54:52.333 [info] Getting sessions for all scopes...
2025-12-22 01:54:52.333 [info] Got 1 sessions for ...
2025-12-22 01:54:52.334 [info] Getting sessions for all scopes...
2025-12-22 01:54:52.334 [info] Got 1 sessions for ...
2025-12-22 01:54:52.339 [info] Getting sessions for read:user,repo,user:email,workflow...
2025-12-22 01:54:52.339 [info] Got 1 sessions for read:user,repo,user:email,workflow...
2025-12-22 01:54:52.343 [info] FetcherService: Electron fetch failed with status: 429 
2025-12-22 01:54:52.700 [info] Getting sessions for all scopes...
2025-12-22 01:54:52.700 [info] Got 1 sessions for ...
2025-12-22 01:54:52.700 [info] Getting sessions for read:user,repo,user:email,workflow...
2025-12-22 01:54:52.700 [info] Got 1 sessions for read:user,repo,user:email,workflow...
2025-12-22 01:54:52.888 [info] FetcherService: Node fetch failed with status: 429 Too Many Requests
2025-12-22 01:54:53.406 [info] FetcherService: Node http/s failed with status: 429 Too Many Requests
